VPR FPGA Placement and Routing.
Version: 8.1.0-dev+dadca7ecf
Revision: v8.0.0-rc2-2894-gdadca7ecf
Compiled: 2020-10-14T15:08:54
Compiler: GNU 7.3.0 on Linux-4.15.0-1028-gcp x86_64
Build Info: Release IPO VTR_ASSERT_LEVEL=2

University of Toronto
verilogtorouting.org
vtr-users@googlegroups.com
This is free open source code under MIT license.

VPR was run with the following command-line:
vpr /home/rahul/qorc-sdk/fpga_toolchain_install/v1.3.1/quicklogic-arch-defs/share/arch/ql-eos-s3_wlcsp/arch.timing.xml helloworldfpga.eblif --device ql-eos-s3 --max_router_iterations 500 --routing_failure_predictor off --router_high_fanout_threshold -1 --constant_net_method route --route_chan_width 100 --clock_modeling route --place_delay_model delta_override --router_lookahead map --check_route quick --strict_checks off --allow_dangling_combinational_nodes on --disable_errors check_unbuffered_edges:check_route --congested_routing_iteration_threshold 0.8 --incremental_reroute_delay_ripup off --base_cost_type delay_normalized_length_bounded --bb_factor 10 --initial_pres_fac 4.0 --check_rr_graph off --suppress_warnings ,sum_pin_class:check_unbuffered_edges:load_rr_indexed_data_T_values:check_rr_node:trans_per_R:check_route:set_rr_graph_tool_comment:warn_model_missing_timing --read_rr_graph /home/rahul/qorc-sdk/fpga_toolchain_install/v1.3.1/quicklogic-arch-defs/share/arch/ql-eos-s3_wlcsp/rr_graph_ql-eos-s3_wlcsp.rr_graph.real.bin --read_placement_delay_lookup /home/rahul/qorc-sdk/fpga_toolchain_install/v1.3.1/quicklogic-arch-defs/share/arch/ql-eos-s3_wlcsp/rr_graph_ql-eos-s3_wlcsp.place_delay.bin --sdc_file /home/rahul/qorc-sdk/qorc-testapps/qf_helloworldfpga/codes/loop/build/helloworldfpga_dummy.sdc --route

Using up to 1 parallel worker(s)

Architecture file: /home/rahul/qorc-sdk/fpga_toolchain_install/v1.3.1/quicklogic-arch-defs/share/arch/ql-eos-s3_wlcsp/arch.timing.xml
Circuit name: helloworldfpga

# Loading Architecture Description
# Loading Architecture Description took 1.09 seconds (max_rss 30.7 MiB, delta_rss +24.7 MiB)
# Building complex block graph
# Building complex block graph took 0.21 seconds (max_rss 39.4 MiB, delta_rss +8.7 MiB)
# Load circuit
# Load circuit took 0.04 seconds (max_rss 41.1 MiB, delta_rss +1.7 MiB)
# Clean circuit
Absorbed 1132 LUT buffers
Inferred  106 additional primitive pins as constant generators since they have no combinationally connected inputs
Inferred   43 additional primitive pins as constant generators due to constant inputs
Inferred    0 additional primitive pins as constant generators since they have no combinationally connected inputs
Inferred    0 additional primitive pins as constant generators due to constant inputs
Inferred    0 additional primitive pins as constant generators since they have no combinationally connected inputs
Inferred    0 additional primitive pins as constant generators due to constant inputs
Swept input(s)      : 0
Swept output(s)     : 0 (0 dangling, 0 constant)
Swept net(s)        : 141
Swept block(s)      : 1
Constant Pins Marked: 149
# Clean circuit took 0.02 seconds (max_rss 42.9 MiB, delta_rss +1.8 MiB)
# Compress circuit
# Compress circuit took 0.00 seconds (max_rss 42.9 MiB, delta_rss +0.0 MiB)
# Verify circuit
# Verify circuit took 0.00 seconds (max_rss 42.9 MiB, delta_rss +0.0 MiB)
Circuit Statistics:
  Blocks: 156
    .output   :       7
    ASSP      :       1
    BIDIR_CELL:       7
    C_FRAG    :      17
    GND       :       1
    Q_FRAG    :      35
    T_FRAG    :      87
    VCC       :       1
  Nets  : 149
    Avg Fanout:     8.5
    Max Fanout:   526.0
    Min Fanout:     1.0
  Netlist Clocks: 1
# Build Timing Graph
  Timing Graph Nodes: 1413
  Timing Graph Edges: 2283
  Timing Graph Levels: 26
# Build Timing Graph took 0.00 seconds (max_rss 42.9 MiB, delta_rss +0.0 MiB)
Netlist contains 1 clocks
  Netlist Clock 'clk' Fanout: 35 pins (2.5%), 35 blocks (22.4%)
# Load Timing Constraints

SDC file '/home/rahul/qorc-sdk/qorc-testapps/qf_helloworldfpga/codes/loop/build/helloworldfpga_dummy.sdc' contained no SDC commands
Setting default timing constraints:
   * constrain all primay inputs and primary outputs on netlist clock 'clk'
   * optimize netlist clock to run as fast as possible
Timing constraints created 1 clocks
  Constrained Clock 'clk' Source: 'u_qlal4s3b_cell_macro.Sys_Clk0[0]'

# Load Timing Constraints took 0.00 seconds (max_rss 42.9 MiB, delta_rss +0.0 MiB)
Timing analysis: ON
Circuit netlist file: helloworldfpga.net
Circuit placement file: helloworldfpga.place
Circuit routing file: helloworldfpga.route
Circuit SDC file: /home/rahul/qorc-sdk/qorc-testapps/qf_helloworldfpga/codes/loop/build/helloworldfpga_dummy.sdc

Packer: ENABLED
Placer: ENABLED
Router: ENABLED
Analysis: ENABLED

NetlistOpts.abosrb_buffer_luts            : true
NetlistOpts.sweep_dangling_primary_ios    : true
NetlistOpts.sweep_dangling_nets           : true
NetlistOpts.sweep_dangling_blocks         : true
NetlistOpts.sweep_constant_primary_outputs: false
NetlistOpts.netlist_verbosity             : 1
NetlistOpts.const_gen_inference           : COMB_SEQ

PackerOpts.allow_unrelated_clustering: auto
PackerOpts.alpha_clustering: 0.750000
PackerOpts.beta_clustering: 0.900000
PackerOpts.cluster_seed_type: BLEND2
PackerOpts.connection_driven: true
PackerOpts.global_clocks: true
PackerOpts.hill_climbing_flag: false
PackerOpts.inter_cluster_net_delay: 1.000000
PackerOpts.timing_driven: true
PackerOpts.target_external_pin_util: auto

PlacerOpts.place_freq: PLACE_ONCE
PlacerOpts.place_algorithm: CRITICALITY_TIMING_PLACE
PlacerOpts.pad_loc_type: FREE
PlacerOpts.constraints_file: No constraints file given
PlacerOpts.place_cost_exp: 1.000000
PlacerOpts.place_chan_width: 100
PlacerOpts.inner_loop_recompute_divider: 0
PlacerOpts.recompute_crit_iter: 1
PlacerOpts.timing_tradeoff: 0.500000
PlacerOpts.td_place_exp_first: 1.000000
PlacerOpts.td_place_exp_last: 8.000000
PlacerOpts.delay_offset: 0.000000
PlacerOpts.delay_ramp_delta_threshold: -1
PlacerOpts.delay_ramp_slope: 0.000000
PlacerOpts.tsu_rel_margin: 1.000000
PlacerOpts.tsu_abs_margin: 0.000000
PlacerOpts.post_place_timing_report_file: 
PlacerOpts.allowed_tiles_for_delay_model: 
PlacerOpts.delay_model_reducer: MIN
PlacerOpts.delay_model_type: DELTA_OVERRIDE
PlacerOpts.rlim_escape_fraction: 0.000000
PlacerOpts.move_stats_file: 
PlacerOpts.placement_saves_per_temperature: 0
PlacerOpts.effort_scaling: CIRCUIT
PlacerOpts.place_delta_delay_matrix_calculation_method: ASTAR_ROUTE
PlaceOpts.seed: 1
AnnealSched.type: AUTO_SCHED
AnnealSched.inner_num: 1.000000

RouterOpts.route_type: DETAILED
RouterOpts.router_algorithm: TIMING_DRIVEN
RouterOpts.base_cost_type: DELAY_NORMALIZED_LENGTH_BOUNDED
RouterOpts.fixed_channel_width: 100
RouterOpts.check_route: QUICK
RouterOpts.trim_empty_chan: false
RouterOpts.trim_obs_chan: false
RouterOpts.acc_fac: 1.000000
RouterOpts.bb_factor: 10
RouterOpts.bend_cost: 0.000000
RouterOpts.first_iter_pres_fac: 0.000000
RouterOpts.initial_pres_fac: 4.000000
RouterOpts.pres_fac_mult: 1.300000
RouterOpts.max_router_iterations: 500
RouterOpts.min_incremental_reroute_fanout: 16
RouterOpts.do_check_rr_graph: false
RouterOpts.verify_binary_search: false
RouterOpts.min_channel_width_hint: 0
RouterOpts.read_rr_edge_metadata: false
RouterOpts.exit_after_first_routing_iteration: false
RouterOpts.astar_fac: 1.200000
RouterOpts.criticality_exp: 1.000000
RouterOpts.max_criticality: 0.990000
RouterOpts.init_wirelength_abort_threshold: 0.850000
RouterOpts.save_routing_per_iteration: false
RouterOpts.congested_routing_iteration_threshold_frac: 0.800000
RouterOpts.high_fanout_threshold: -1
RouterOpts.router_debug_net: -2
RouterOpts.router_debug_sink_rr: -2
RouterOpts.router_debug_iteration: -2
RouterOpts.max_convergence_count: 1
RouterOpts.reconvergence_cpd_threshold: 0.990000
RouterOpts.update_lower_bound_delays: true
RouterOpts.first_iteration_timing_report_file: 
RouterOpts.incr_reroute_delay_ripup: OFF
RouterOpts.route_bb_update: DYNAMIC
RouterOpts.lookahead_type: MAP
RouterOpts.initial_timing: LOOKAHEAD
RouterOpts.router_heap: BINARY_HEAP
RouterOpts.routing_failure_predictor = OFF
RouterOpts.routing_budgets_algorithm = DISABLE

AnalysisOpts.gen_post_synthesis_netlist: false
AnalysisOpts.timing_report_npaths: 100
AnalysisOpts.timing_report_skew: false
AnalysisOpts.echo_dot_timing_graph_node: -1
AnalysisOpts.timing_report_detail: NETLIST

RoutingArch.directionality: BI_DIRECTIONAL
RoutingArch.switch_block_type: WILTON
RoutingArch.Fs: 3

# Load Packing
Begin loading packed FPGA netlist file.
Netlist generated from file 'helloworldfpga.net'.
Detected 2 constant generators (to see names run with higher pack verbosity)
Finished loading packed FPGA netlist file (took 0.090643 seconds).
# Load Packing took 0.09 seconds (max_rss 44.5 MiB, delta_rss +1.6 MiB)
Warning 1: Netlist contains 0 global net to non-global architecture pin connections
Warning 2: Logic block #69 ($false) has only 1 output pin '$false.GND0_GND[0]'. It may be a constant generator.
Warning 3: Logic block #70 ($true) has only 1 output pin '$true.VCC0_VCC[0]'. It may be a constant generator.

Netlist num_nets: 113
Netlist num_blocks: 71
Netlist EMPTY blocks: 0.
Netlist PB-SYN_GND blocks: 1.
Netlist PB-BIDIR blocks: 7.
Netlist PB-ASSP blocks: 1.
Netlist PB-LOGIC blocks: 61.
Netlist PB-SDIOMUX blocks: 0.
Netlist PB-MULT blocks: 0.
Netlist PB-GMUX blocks: 0.
Netlist PB-CLOCK blocks: 0.
Netlist PB-RAM blocks: 0.
Netlist PB-SYN_VCC blocks: 1.
Netlist inputs pins: 0
Netlist output pins: 21


Pb types usage...
  PB-SYN_GND        : 1
   GND              : 1
  PB-BIDIR          : 7
   BIDIR            : 7
    OUTPUT          : 7
     bidir          : 7
     outpad         : 7
  PB-ASSP           : 1
   ASSP             : 1
  PB-LOGIC          : 61
   LOGIC            : 61
    FRAGS           : 61
     c_frag_modes   : 61
      SINGLE        : 17
       c_frag       : 17
      SPLIT         : 44
       b_frag       : 44
       t_frag       : 43
     q_frag_modes   : 35
      INT           : 29
       q_frag       : 29
      EXT           : 6
       q_frag       : 6
  PB-SYN_VCC        : 1
   VCC              : 1

# Create Device
## Build Device Grid
FPGA sized to 39 x 35: 1365 grid tiles (ql-eos-s3)

Resource usage...
	Netlist
		1	blocks of type: PB-SYN_GND
	Architecture
		1	blocks of type: TL-SYN_GND
	Netlist
		7	blocks of type: PB-BIDIR
	Architecture
		32	blocks of type: TL-BIDIR
	Netlist
		1	blocks of type: PB-ASSP
	Architecture
		1	blocks of type: TL-ASSP
	Netlist
		61	blocks of type: PB-LOGIC
	Architecture
		891	blocks of type: TL-LOGIC
	Netlist
		0	blocks of type: PB-SDIOMUX
	Architecture
		14	blocks of type: TL-SDIOMUX
	Netlist
		0	blocks of type: PB-MULT
	Architecture
		2	blocks of type: TL-MULT
	Netlist
		0	blocks of type: PB-GMUX
	Architecture
		5	blocks of type: TL-GMUX
	Netlist
		0	blocks of type: PB-CLOCK
	Architecture
		5	blocks of type: TL-CLOCK
	Netlist
		0	blocks of type: PB-RAM
	Architecture
		4	blocks of type: TL-RAM
	Netlist
		1	blocks of type: PB-SYN_VCC
	Architecture
		1	blocks of type: TL-SYN_VCC

Device Utilization: 0.05 (target 1.00)
	Physical Tile TL-LOGIC:
	Block Utilization: 0.07 Logical Block: PB-LOGIC
	Physical Tile TL-RAM:
	Block Utilization: 0.00 Logical Block: PB-RAM
	Physical Tile TL-MULT:
	Block Utilization: 0.00 Logical Block: PB-MULT
	Physical Tile TL-BIDIR:
	Block Utilization: 0.22 Logical Block: PB-BIDIR
	Physical Tile TL-CLOCK:
	Block Utilization: 0.00 Logical Block: PB-CLOCK
	Physical Tile TL-SDIOMUX:
	Block Utilization: 0.00 Logical Block: PB-SDIOMUX
	Physical Tile TL-GMUX:
	Block Utilization: 0.00 Logical Block: PB-GMUX
	Physical Tile TL-ASSP:
	Block Utilization: 1.00 Logical Block: PB-ASSP
	Physical Tile TL-SYN_VCC:
	Block Utilization: 1.00 Logical Block: PB-SYN_VCC
	Physical Tile TL-SYN_GND:
	Block Utilization: 1.00 Logical Block: PB-SYN_GND

## Build Device Grid took 0.02 seconds (max_rss 44.6 MiB, delta_rss +0.0 MiB)
## Loading routing resource graph


## Loading routing resource graph took 1.46 seconds (max_rss 351.9 MiB, delta_rss +307.3 MiB)
  RR Graph Nodes: 1396446
  RR Graph Edges: 2337988
# Create Device took 2.76 seconds (max_rss 351.9 MiB, delta_rss +307.3 MiB)

# Load Placement
Reading helloworldfpga.place.

Successfully read helloworldfpga.place.

# Load Placement took 0.00 seconds (max_rss 351.9 MiB, delta_rss +0.0 MiB)

# Computing router lookahead map
## Computing wire lookahead
Warning 4: Unable to find any sample location for segment CHANX type 'generic' (length 1)
Warning 5: Unable to find any sample location for segment CHANY type 'generic' (length 1)
Warning 6: Unable to find any sample location for segment CHANX type 'pad' (length 1)
Warning 7: Unable to find any sample location for segment CHANY type 'pad' (length 1)
## Computing wire lookahead took 38.51 seconds (max_rss 351.9 MiB, delta_rss +0.0 MiB)
## Computing src/opin lookahead
## Computing src/opin lookahead took 0.00 seconds (max_rss 351.9 MiB, delta_rss +0.0 MiB)
# Computing router lookahead map took 38.51 seconds (max_rss 351.9 MiB, delta_rss +0.0 MiB)
# Routing
  RR Graph Nodes: 1396446
  RR Graph Edges: 2337988
Confirming router algorithm: TIMING_DRIVEN.
## Initializing router criticalities
Initial Net Connection Criticality Histogram:
[        0:      0.1) 727 ( 61.4%) |***********************************************
[      0.1:      0.2)   0 (  0.0%) |
[      0.2:      0.3)  53 (  4.5%) |***
[      0.3:      0.4)  30 (  2.5%) |**
[      0.4:      0.5)  36 (  3.0%) |**
[      0.5:      0.6)  57 (  4.8%) |****
[      0.6:      0.7)  52 (  4.4%) |***
[      0.7:      0.8)  57 (  4.8%) |****
[      0.8:      0.9) 128 ( 10.8%) |********
[      0.9:        1)  45 (  3.8%) |***
## Initializing router criticalities took 0.01 seconds (max_rss 351.9 MiB, delta_rss +0.0 MiB)
---- ------ ------- ---- ------- ------- ------- ----------------- --------------- -------- ---------- ---------- ---------- ---------- --------
Iter   Time    pres  BBs    Heap  Re-Rtd  Re-Rtd Overused RR Nodes      Wirelength      CPD       sTNS       sWNS       hTNS       hWNS Est Succ
      (sec)     fac Updt    push    Nets   Conns                                       (ns)       (ns)       (ns)       (ns)       (ns)     Iter
---- ------ ------- ---- ------- ------- ------- ----------------- --------------- -------- ---------- ---------- ---------- ---------- --------
   1   15.7     0.0    0 3.5e+07     113    1185    1442 ( 0.103%)   29766 ( 2.1%)   62.906     -2102.    -62.906      0.000      0.000      N/A
   2   12.4     4.0    0 2.6e+07      99     734     727 ( 0.052%)   30314 ( 2.1%)   62.976     -2105.    -62.976      0.000      0.000      N/A
   3   10.0     5.2    0 2.1e+07      82     538     456 ( 0.033%)   30273 ( 2.1%)   63.016     -2106.    -63.016      0.000      0.000      N/A
   4    7.1     6.8    0 1.5e+07      71     419     247 ( 0.018%)   30587 ( 2.2%)   63.051     -2108.    -63.051      0.000      0.000      N/A
   5    4.7     8.8    0 9898790      53     324     173 ( 0.012%)   30638 ( 2.2%)   63.082     -2109.    -63.082      0.000      0.000      N/A
   6    3.6    11.4    0 7578150      36     206     103 ( 0.007%)   30789 ( 2.2%)   63.042     -2108.    -63.042      0.000      0.000      N/A
   7    2.2    14.9    0 4622402      27     121      67 ( 0.005%)   30890 ( 2.2%)   63.041     -2108.    -63.041      0.000      0.000      N/A
   8    1.6    19.3    0 3322358      21      74      52 ( 0.004%)   30946 ( 2.2%)   63.041     -2108.    -63.041      0.000      0.000      N/A
   9    1.1    25.1    0 2455353      10      51      12 ( 0.001%)   31085 ( 2.2%)   63.390     -2109.    -63.390      0.000      0.000      N/A
  10    0.4    32.6    0  757272       5      29       3 ( 0.000%)   31091 ( 2.2%)   63.390     -2109.    -63.390      0.000      0.000       14
  11    0.2    42.4    0  430957       3      20       0 ( 0.000%)   31162 ( 2.2%)   63.390     -2109.    -63.390      0.000      0.000       12
Restoring best routing
Critical path: 63.3901 ns
Successfully routed after 11 routing iterations.
Final Net Connection Criticality Histogram:
[        0:      0.1) 727 ( 61.4%) |***********************************************
[      0.1:      0.2)   0 (  0.0%) |
[      0.2:      0.3)  10 (  0.8%) |*
[      0.3:      0.4)  57 (  4.8%) |****
[      0.4:      0.5)  19 (  1.6%) |*
[      0.5:      0.6)  38 (  3.2%) |**
[      0.6:      0.7)  51 (  4.3%) |***
[      0.7:      0.8)  51 (  4.3%) |***
[      0.8:      0.9)  88 (  7.4%) |******
[      0.9:        1) 144 ( 12.2%) |*********
Router Stats: total_nets_routed: 520 total_connections_routed: 3701 total_heap_pushes: 126206113 total_heap_pops: 109786199
# Routing took 60.50 seconds (max_rss 351.9 MiB, delta_rss +0.0 MiB)

Checking to ensure routing is legal...
Completed routing consistency check successfully.

Serial number (magic cookie) for the routing is: -465428629
Circuit successfully routed with a channel width factor of 100.

Incr Slack updates 12 in 0.00074412 sec
Full Max Req/Worst Slack updates 3 in 2.9841e-05 sec
Incr Max Req/Worst Slack updates 9 in 0.000121647 sec
Incr Criticality updates 3 in 0.000202157 sec
Full Criticality updates 9 in 0.000894314 sec

Average number of bends per net: 236.496  Maximum # of bends: 6399

Number of global nets: 0
Number of routed nets (nonglobal): 113
Wire length results (in units of 1 clb segments)...
	Total wirelength: 30213, average net length: 267.372
	Maximum net length: 8320

Wire length results in terms of physical segments...
	Total wiring segments used: 27228, average wire segments per net: 240.956
	Maximum segments used by a net: 6603
	Total local nets with reserved CLB opins: 0

Routing channel utilization histogram:
[        1:      inf)    0 (  0.0%) |
[      0.9:        1)   54 (  2.1%) |*
[      0.8:      0.9)    0 (  0.0%) |
[      0.7:      0.8)    6 (  0.2%) |
[      0.5:      0.6)    0 (  0.0%) |
[      0.4:      0.5)    0 (  0.0%) |
[      0.3:      0.4)    4 (  0.2%) |
[      0.2:      0.3)   78 (  3.0%) |**
[      0.1:      0.2)   66 (  2.6%) |*
[        0:      0.1) 2376 ( 92.0%) |**********************************************
Maximum routing channel utilization:         1 at (1,3)

X - Directed channels:   j max occ ave occ capacity
                      ---- ------- ------- --------
                         0       2   1.231        2
                         1     161  10.026      221
                         2       0   0.000        0
                         3      91  23.769      635
                         4      68   3.282      623
                         5      70   3.000      658
                         6      78   2.000      623
                         7      77   3.692      623
                         8      28   2.077      623
                         9     240  25.154      623
                        10     217  19.590      665
                        11     257  25.718      623
                        12     214  21.436      647
                        13     235  24.667      623
                        14     218  36.744      623
                        15     209  38.974      623
                        16     230  36.205      623
                        17     230  29.103      623
                        18     217  20.385      725
                        19     199  27.487      623
                        20     195  23.231      623
                        21     141   7.077      623
                        22       0   0.000      623
                        23       0   0.000      623
                        24       0   0.000      623
                        25       0   0.000      657
                        26       0   0.000      634
                        27       0   0.000      623
                        28       0   0.000      623
                        29       0   0.000      624
                        30       0   0.000      625
                        31       0   0.000      626
                        32       0   0.000      786
                        33       0   0.000      269
Y - Directed channels:   i max occ ave occ capacity
                      ---- ------- ------- --------
                         0       0   0.000        2
                         1      47   4.057      287
                         2       1   0.029        4
                         3     177  54.571      848
                         4      36   2.543      874
                         5      54   2.429      819
                         6      30   5.857      760
                         7      46   4.371      761
                         8      11   1.629      761
                         9      46   5.257      761
                        10      16   3.000      757
                        11      11   1.829      775
                        12      50   4.971      757
                        13      48   3.657      761
                        14      29   3.200      761
                        15       6   1.543      761
                        16      29   3.000      761
                        17     158  12.200      761
                        18     184  39.600      761
                        19     167  22.229      816
                        20     199  28.629      761
                        21     191  40.514      883
                        22     255  76.257      761
                        23     219  64.029      761
                        24     219  43.486      761
                        25      25   2.829      761
                        26      30   2.686      757
                        27       0   0.000      775
                        28       0   0.000      757
                        29       0   0.000      761
                        30       0   0.000      761
                        31       0   0.000      761
                        32       0   0.000      761
                        33       0   0.000      763
                        34       0   0.000      762
                        35       0   0.000      764
                        36       0   0.000     1024
                        37       0   0.000      164

Total tracks in x-direction: 19611, in y-direction: 27046

Logic area (in minimum width transistor areas, excludes I/Os and empty grid tiles)...
	Total logic block area (Warning, need to add pitch of routing to blocks with height > 3): 1.3515e+07
	Total used logic block area: 960000

Routing area (in minimum width transistor areas)...
	Assuming no buffer sharing (pessimistic). Total: 1.07847e+09, per logic tile: 790090.
	Assuming buffer sharing (slightly optimistic). Total: 8.38760e+08, per logic tile: 614476.


Segment usage by type (index):    name type utilization
                               ------- ---- -----------
                                  sbox    2      0.0175
                                   vcc    3      0.0839
                                   gnd    4      0.0973
                                  hop1    5        0.02
                                  hop2    6      0.0401
                                  hop3    7           0
                                  hop4    8        0.02
                                 clock    9           0
                               special   10      0.0828

Segment usage by length: length utilization
                         ------ -----------
                              1       0.018
                              2      0.0401
                              3           0
                              4        0.02


Final hold Worst Negative Slack (hWNS): 0 ns
Final hold Total Negative Slack (hTNS): 0 ns

Final hold slack histogram:
[  4.2e-09:  8.2e-09) 20 ( 54.1%) |************************************************
[  8.2e-09:  1.2e-08) 10 ( 27.0%) |************************
[  1.2e-08:  1.6e-08)  0 (  0.0%) |
[  1.6e-08:    2e-08)  0 (  0.0%) |
[    2e-08:  2.4e-08)  0 (  0.0%) |
[  2.4e-08:  2.8e-08)  0 (  0.0%) |
[  2.8e-08:  3.3e-08)  0 (  0.0%) |
[  3.3e-08:  3.7e-08)  0 (  0.0%) |
[  3.7e-08:  4.1e-08)  4 ( 10.8%) |**********
[  4.1e-08:  4.5e-08)  3 (  8.1%) |*******

Final critical path delay (least slack): 63.3534 ns, Fmax: 15.7845 MHz
Final setup Worst Negative Slack (sWNS): -63.3534 ns
Final setup Total Negative Slack (sTNS): -2105.2 ns

Final setup slack histogram:
[ -6.3e-08: -6.2e-08) 2 (  5.4%) |***********
[ -6.2e-08: -6.1e-08) 3 (  8.1%) |****************
[ -6.1e-08:   -6e-08) 2 (  5.4%) |***********
[   -6e-08: -5.9e-08) 3 (  8.1%) |****************
[ -5.9e-08: -5.8e-08) 3 (  8.1%) |****************
[ -5.8e-08: -5.7e-08) 4 ( 10.8%) |**********************
[ -5.7e-08: -5.6e-08) 6 ( 16.2%) |*********************************
[ -5.6e-08: -5.5e-08) 1 (  2.7%) |*****
[ -5.5e-08: -5.3e-08) 9 ( 24.3%) |*************************************************
[ -5.3e-08: -5.2e-08) 4 ( 10.8%) |**********************

Final geomean non-virtual intra-domain period: 63.3534 ns (15.7845 MHz)
Final fanout-weighted geomean non-virtual intra-domain period: 63.3534 ns (15.7845 MHz)

Incr Slack updates 1 in 8.0722e-05 sec
Full Max Req/Worst Slack updates 1 in 9.502e-06 sec
Incr Max Req/Worst Slack updates 0 in 0 sec
Incr Criticality updates 0 in 0 sec
Full Criticality updates 1 in 0.000111591 sec
Flow timing analysis took 0.0290816 seconds (0.0256182 STA, 0.00346342 slack) (13 full updates: 0 setup, 0 hold, 13 combined).
VPR succeeded
The entire flow of VPR took 103.53 seconds (max_rss 351.9 MiB)
