
 /----------------------------------------------------------------------------\
 |                                                                            |
 |  yosys -- Yosys Open SYnthesis Suite                                       |
 |                                                                            |
 |  Copyright (C) 2012 - 2020  Claire Wolf <claire@symbioticeda.com>          |
 |                                                                            |
 |  Permission to use, copy, modify, and/or distribute this software for any  |
 |  purpose with or without fee is hereby granted, provided that the above    |
 |  copyright notice and this permission notice appear in all copies.         |
 |                                                                            |
 |  THE SOFTWARE IS PROVIDED "AS IS" AND THE AUTHOR DISCLAIMS ALL WARRANTIES  |
 |  WITH REGARD TO THIS SOFTWARE INCLUDING ALL IMPLIED WARRANTIES OF          |
 |  MERCHANTABILITY AND FITNESS. IN NO EVENT SHALL THE AUTHOR BE LIABLE FOR   |
 |  ANY SPECIAL, DIRECT, INDIRECT, OR CONSEQUENTIAL DAMAGES OR ANY DAMAGES    |
 |  WHATSOEVER RESULTING FROM LOSS OF USE, DATA OR PROFITS, WHETHER IN AN     |
 |  ACTION OF CONTRACT, NEGLIGENCE OR OTHER TORTIOUS ACTION, ARISING OUT OF   |
 |  OR IN CONNECTION WITH THE USE OR PERFORMANCE OF THIS SOFTWARE.            |
 |                                                                            |
 \----------------------------------------------------------------------------/

 Yosys 0.9+2406 (git sha1 9ac3484, x86_64-conda_cos6-linux-gnu-gcc 1.24.0.133_b0863d8_dirty -fvisibility-inlines-hidden -fmessage-length=0 -march=nocona -mtune=haswell -ftree-vectorize -fPIC -fstack-protector-strong -fno-plt -O2 -ffunction-sections -fdebug-prefix-map=/root/anaconda3/conda-bld/yosys_1607410735049/work=/usr/local/src/conda/yosys-0.8.0_0003_e80fb742f_20201208_122808 -fdebug-prefix-map=/home/rahul/qorc-sdk/fpga_toolchain_install/v1.3.1/conda=/usr/local/src/conda-prefix -fPIC -Os)


-- Parsing `/home/rahul/qorc-sdk/qorc-testapps/qf_helloworldfpga/fpga/rtl/helloworldfpga.v' using frontend `verilog' --

1. Executing Verilog-2005 frontend: /home/rahul/qorc-sdk/qorc-testapps/qf_helloworldfpga/fpga/rtl/helloworldfpga.v
Parsing Verilog input from `/home/rahul/qorc-sdk/qorc-testapps/qf_helloworldfpga/fpga/rtl/helloworldfpga.v' to AST representation.
Generating RTLIL representation for module `\helloworldfpga'.
Successfully finished Verilog frontend.

-- Running command `tcl /home/rahul/qorc-sdk/fpga_toolchain_install/v1.3.1/quicklogic-arch-defs/share/quicklogic/synth.tcl' --
[TCL: yosys -import] Command name collision: found pre-existing command `cd' -> skip.
[TCL: yosys -import] Command name collision: found pre-existing command `eval' -> skip.
[TCL: yosys -import] Command name collision: found pre-existing command `exec' -> skip.
[TCL: yosys -import] Command name collision: found pre-existing command `read' -> skip.
[TCL: yosys -import] Command name collision: found pre-existing command `trace' -> skip.

2. Executing Verilog-2005 frontend: /home/rahul/qorc-sdk/fpga_toolchain_install/v1.3.1/quicklogic-arch-defs/share/techmaps/quicklogic/pp3/techmap/cells_sim.v
Parsing Verilog input from `/home/rahul/qorc-sdk/fpga_toolchain_install/v1.3.1/quicklogic-arch-defs/share/techmaps/quicklogic/pp3/techmap/cells_sim.v' to AST representation.
Generating RTLIL representation for module `\VCC'.
Generating RTLIL representation for module `\GND'.
Generating RTLIL representation for module `\fpga_interconnect'.
Generating RTLIL representation for module `\CLOCK_CELL'.
Generating RTLIL representation for module `\BIDIR_CELL'.
Generating RTLIL representation for module `\SDIOMUX_CELL'.
Generating RTLIL representation for module `\T_FRAG'.
Generating RTLIL representation for module `\B_FRAG'.
Generating RTLIL representation for module `\Q_FRAG'.
Generating RTLIL representation for module `\F_FRAG'.
Generating RTLIL representation for module `\C_FRAG'.
Generating RTLIL representation for module `\ASSP'.
Generating RTLIL representation for module `\MULT'.
Generating RTLIL representation for module `\GMUX_IP'.
Generating RTLIL representation for module `\GMUX_IC'.
Successfully finished Verilog frontend.

3. Executing Verilog-2005 frontend: /home/rahul/qorc-sdk/fpga_toolchain_install/v1.3.1/quicklogic-arch-defs/bin/../share/arch/ql-eos-s3_wlcsp/cells/ram_sim.v
Parsing Verilog input from `/home/rahul/qorc-sdk/fpga_toolchain_install/v1.3.1/quicklogic-arch-defs/bin/../share/arch/ql-eos-s3_wlcsp/cells/ram_sim.v' to AST representation.
Generating RTLIL representation for module `\RAM_CE0_FE0_PR0_WSA0_WSB0_VPR'.
Generating RTLIL representation for module `\RAM_CE0_FE0_PR0_WSA0_WSB1_VPR'.
Generating RTLIL representation for module `\RAM_CE0_FE0_PR0_WSA1_WSB0_VPR'.
Generating RTLIL representation for module `\RAM_CE0_FE0_PR0_WSA1_WSB1_VPR'.
Generating RTLIL representation for module `\RAM_CE0_FE0_PR1_WSA0_WSB0_VPR'.
Generating RTLIL representation for module `\RAM_CE0_FE0_PR1_WSA0_WSB1_VPR'.
Generating RTLIL representation for module `\RAM_CE0_FE0_PR1_WSA1_WSB0_VPR'.
Generating RTLIL representation for module `\RAM_CE0_FE0_PR1_WSA1_WSB1_VPR'.
Generating RTLIL representation for module `\RAM_CE0_FE1_D0_PR0_WSA0_WSB0_VPR'.
Generating RTLIL representation for module `\RAM_CE0_FE1_D0_PR0_WSA0_WSB1_VPR'.
Generating RTLIL representation for module `\RAM_CE0_FE1_D0_PR0_WSA1_WSB0_VPR'.
Generating RTLIL representation for module `\RAM_CE0_FE1_D0_PR0_WSA1_WSB1_VPR'.
Generating RTLIL representation for module `\RAM_CE0_FE1_D0_PR1_WSA0_WSB0_VPR'.
Generating RTLIL representation for module `\RAM_CE0_FE1_D0_PR1_WSA0_WSB1_VPR'.
Generating RTLIL representation for module `\RAM_CE0_FE1_D0_PR1_WSA1_WSB0_VPR'.
Generating RTLIL representation for module `\RAM_CE0_FE1_D0_PR1_WSA1_WSB1_VPR'.
Generating RTLIL representation for module `\RAM_CE0_FE1_D1_PR0_WSA0_WSB0_VPR'.
Generating RTLIL representation for module `\RAM_CE0_FE1_D1_PR0_WSA0_WSB1_VPR'.
Generating RTLIL representation for module `\RAM_CE0_FE1_D1_PR0_WSA1_WSB0_VPR'.
Generating RTLIL representation for module `\RAM_CE0_FE1_D1_PR0_WSA1_WSB1_VPR'.
Generating RTLIL representation for module `\RAM_CE0_FE1_D1_PR1_WSA0_WSB0_VPR'.
Generating RTLIL representation for module `\RAM_CE0_FE1_D1_PR1_WSA0_WSB1_VPR'.
Generating RTLIL representation for module `\RAM_CE0_FE1_D1_PR1_WSA1_WSB0_VPR'.
Generating RTLIL representation for module `\RAM_CE0_FE1_D1_PR1_WSA1_WSB1_VPR'.
Generating RTLIL representation for module `\RAM_CE1_FE0_PR0_WSA0_WSB0_VPR'.
Generating RTLIL representation for module `\RAM_CE1_FE0_PR0_WSA0_WSB1_VPR'.
Generating RTLIL representation for module `\RAM_CE1_FE0_PR0_WSA0_WSB2_VPR'.
Generating RTLIL representation for module `\RAM_CE1_FE0_PR0_WSA1_WSB0_VPR'.
Generating RTLIL representation for module `\RAM_CE1_FE0_PR0_WSA1_WSB1_VPR'.
Generating RTLIL representation for module `\RAM_CE1_FE0_PR0_WSA1_WSB2_VPR'.
Generating RTLIL representation for module `\RAM_CE1_FE0_PR0_WSA2_WSB0_VPR'.
Generating RTLIL representation for module `\RAM_CE1_FE0_PR0_WSA2_WSB1_VPR'.
Generating RTLIL representation for module `\RAM_CE1_FE0_PR0_WSA2_WSB2_VPR'.
Generating RTLIL representation for module `\RAM_CE1_FE0_PR1_WSA0_WSB0_VPR'.
Generating RTLIL representation for module `\RAM_CE1_FE0_PR1_WSA0_WSB1_VPR'.
Generating RTLIL representation for module `\RAM_CE1_FE0_PR1_WSA0_WSB2_VPR'.
Generating RTLIL representation for module `\RAM_CE1_FE0_PR1_WSA1_WSB0_VPR'.
Generating RTLIL representation for module `\RAM_CE1_FE0_PR1_WSA1_WSB1_VPR'.
Generating RTLIL representation for module `\RAM_CE1_FE0_PR1_WSA1_WSB2_VPR'.
Generating RTLIL representation for module `\RAM_CE1_FE0_PR1_WSA2_WSB0_VPR'.
Generating RTLIL representation for module `\RAM_CE1_FE0_PR1_WSA2_WSB1_VPR'.
Generating RTLIL representation for module `\RAM_CE1_FE0_PR1_WSA2_WSB2_VPR'.
Generating RTLIL representation for module `\RAM_CE1_FE1_D0_PR0_WSA0_WSB0_VPR'.
Generating RTLIL representation for module `\RAM_CE1_FE1_D0_PR0_WSA0_WSB1_VPR'.
Generating RTLIL representation for module `\RAM_CE1_FE1_D0_PR0_WSA0_WSB2_VPR'.
Generating RTLIL representation for module `\RAM_CE1_FE1_D0_PR0_WSA1_WSB0_VPR'.
Generating RTLIL representation for module `\RAM_CE1_FE1_D0_PR0_WSA1_WSB1_VPR'.
Generating RTLIL representation for module `\RAM_CE1_FE1_D0_PR0_WSA1_WSB2_VPR'.
Generating RTLIL representation for module `\RAM_CE1_FE1_D0_PR0_WSA2_WSB0_VPR'.
Generating RTLIL representation for module `\RAM_CE1_FE1_D0_PR0_WSA2_WSB1_VPR'.
Generating RTLIL representation for module `\RAM_CE1_FE1_D0_PR0_WSA2_WSB2_VPR'.
Generating RTLIL representation for module `\RAM_CE1_FE1_D0_PR1_WSA0_WSB0_VPR'.
Generating RTLIL representation for module `\RAM_CE1_FE1_D0_PR1_WSA0_WSB1_VPR'.
Generating RTLIL representation for module `\RAM_CE1_FE1_D0_PR1_WSA0_WSB2_VPR'.
Generating RTLIL representation for module `\RAM_CE1_FE1_D0_PR1_WSA1_WSB0_VPR'.
Generating RTLIL representation for module `\RAM_CE1_FE1_D0_PR1_WSA1_WSB1_VPR'.
Generating RTLIL representation for module `\RAM_CE1_FE1_D0_PR1_WSA1_WSB2_VPR'.
Generating RTLIL representation for module `\RAM_CE1_FE1_D0_PR1_WSA2_WSB0_VPR'.
Generating RTLIL representation for module `\RAM_CE1_FE1_D0_PR1_WSA2_WSB1_VPR'.
Generating RTLIL representation for module `\RAM_CE1_FE1_D0_PR1_WSA2_WSB2_VPR'.
Generating RTLIL representation for module `\RAM_CE1_FE1_D1_PR0_WSA0_WSB0_VPR'.
Generating RTLIL representation for module `\RAM_CE1_FE1_D1_PR0_WSA0_WSB1_VPR'.
Generating RTLIL representation for module `\RAM_CE1_FE1_D1_PR0_WSA0_WSB2_VPR'.
Generating RTLIL representation for module `\RAM_CE1_FE1_D1_PR0_WSA1_WSB0_VPR'.
Generating RTLIL representation for module `\RAM_CE1_FE1_D1_PR0_WSA1_WSB1_VPR'.
Generating RTLIL representation for module `\RAM_CE1_FE1_D1_PR0_WSA1_WSB2_VPR'.
Generating RTLIL representation for module `\RAM_CE1_FE1_D1_PR0_WSA2_WSB0_VPR'.
Generating RTLIL representation for module `\RAM_CE1_FE1_D1_PR0_WSA2_WSB1_VPR'.
Generating RTLIL representation for module `\RAM_CE1_FE1_D1_PR0_WSA2_WSB2_VPR'.
Generating RTLIL representation for module `\RAM_CE1_FE1_D1_PR1_WSA0_WSB0_VPR'.
Generating RTLIL representation for module `\RAM_CE1_FE1_D1_PR1_WSA0_WSB1_VPR'.
Generating RTLIL representation for module `\RAM_CE1_FE1_D1_PR1_WSA0_WSB2_VPR'.
Generating RTLIL representation for module `\RAM_CE1_FE1_D1_PR1_WSA1_WSB0_VPR'.
Generating RTLIL representation for module `\RAM_CE1_FE1_D1_PR1_WSA1_WSB1_VPR'.
Generating RTLIL representation for module `\RAM_CE1_FE1_D1_PR1_WSA1_WSB2_VPR'.
Generating RTLIL representation for module `\RAM_CE1_FE1_D1_PR1_WSA2_WSB0_VPR'.
Generating RTLIL representation for module `\RAM_CE1_FE1_D1_PR1_WSA2_WSB1_VPR'.
Generating RTLIL representation for module `\RAM_CE1_FE1_D1_PR1_WSA2_WSB2_VPR'.
Successfully finished Verilog frontend.

4. Executing SYNTH_QUICKLOGIC pass.

4.1. Executing Verilog-2005 frontend: /home/rahul/qorc-sdk/fpga_toolchain_install/v1.3.1/conda/bin/../share/yosys/quicklogic/cells_sim.v
Parsing Verilog input from `/home/rahul/qorc-sdk/fpga_toolchain_install/v1.3.1/conda/bin/../share/yosys/quicklogic/cells_sim.v' to AST representation.
Generating RTLIL representation for module `\inv'.
Generating RTLIL representation for module `\buff'.
Generating RTLIL representation for module `\logic_0'.
Generating RTLIL representation for module `\logic_1'.
Generating RTLIL representation for module `\gclkbuff'.
Successfully finished Verilog frontend.

4.2. Executing Verilog-2005 frontend: /home/rahul/qorc-sdk/fpga_toolchain_install/v1.3.1/conda/bin/../share/yosys/quicklogic/pp3_cells_sim.v
Parsing Verilog input from `/home/rahul/qorc-sdk/fpga_toolchain_install/v1.3.1/conda/bin/../share/yosys/quicklogic/pp3_cells_sim.v' to AST representation.
Generating RTLIL representation for module `\LUT1'.
Generating RTLIL representation for module `\LUT2'.
Generating RTLIL representation for module `\LUT3'.
Generating RTLIL representation for module `\LUT4'.
Generating RTLIL representation for module `\inpad'.
Generating RTLIL representation for module `\outpad'.
Generating RTLIL representation for module `\ckpad'.
Generating RTLIL representation for module `\bipad'.
Generating RTLIL representation for module `\dff'.
Generating RTLIL representation for module `\dffc'.
Generating RTLIL representation for module `\dffp'.
Generating RTLIL representation for module `\dffpc'.
Generating RTLIL representation for module `\dffe'.
Generating RTLIL representation for module `\dffec'.
Generating RTLIL representation for module `\dffepc'.
Generating RTLIL representation for module `\AND2I0'.
Generating RTLIL representation for module `\mux2x0'.
Generating RTLIL representation for module `\mux2x1'.
Generating RTLIL representation for module `\mux4x0'.
Generating RTLIL representation for module `\mux8x0'.
Generating RTLIL representation for module `\logic_cell_macro'.
Generating RTLIL representation for module `\ahb_gen_bfm'.
Generating RTLIL representation for module `\oscillator_s1'.
Generating RTLIL representation for module `\sdma_bfm'.
Generating RTLIL representation for module `\ahb2fb_asynbrig_if'.
Generating RTLIL representation for module `\fb2ahb_asynbrig_if'.
Generating RTLIL representation for module `\ahb2fb_asynbrig'.
Generating RTLIL representation for module `\qlal4s3b_cell_macro_bfm'.
Generating RTLIL representation for module `\qlal4s3b_cell_macro'.
Generating RTLIL representation for module `\fifo_controller_model'.
Generating RTLIL representation for module `\ram'.
Warning: Replacing memory \ram with list of registers. See /home/rahul/qorc-sdk/fpga_toolchain_install/v1.3.1/conda/bin/../share/yosys/quicklogic/pp3_cells_sim.v:3671, /home/rahul/qorc-sdk/fpga_toolchain_install/v1.3.1/conda/bin/../share/yosys/quicklogic/pp3_cells_sim.v:3585, /home/rahul/qorc-sdk/fpga_toolchain_install/v1.3.1/conda/bin/../share/yosys/quicklogic/pp3_cells_sim.v:3560
Generating RTLIL representation for module `\x2_model'.
Generating RTLIL representation for module `\ram_block_8K'.
Generating RTLIL representation for module `\sw_mux'.
Generating RTLIL representation for module `\ram8k_2x1_cell'.
Generating RTLIL representation for module `\ram8k_2x1_cell_macro'.
Generating RTLIL representation for module `\gpio_cell_macro'.
Generating RTLIL representation for module `\qlal4s3_mult_32x32_cell'.
Generating RTLIL representation for module `\qlal4s3_mult_16x16_cell'.
Generating RTLIL representation for module `\signed_mult'.
Generating RTLIL representation for module `\qlal4s3_mult_cell_macro'.
Generating RTLIL representation for module `\RAM_8K_BLK'.
Generating RTLIL representation for module `\RAM_16K_BLK'.
Generating RTLIL representation for module `\FIFO_8K_BLK'.
Generating RTLIL representation for module `\FIFO_16K_BLK'.
Successfully finished Verilog frontend.

4.3. Executing HIERARCHY pass (managing design hierarchy).

4.3.1. Finding top of design hierarchy..
root of   1 design levels: helloworldfpga      
Automatically selected helloworldfpga as design top module.

4.3.2. Analyzing design hierarchy..
Top module:  \helloworldfpga

4.3.3. Analyzing design hierarchy..
Top module:  \helloworldfpga
Removed 0 unused modules.

4.4. Executing PROC pass (convert processes to netlists).

4.4.1. Executing PROC_CLEAN pass (remove empty switches from decision trees).
Cleaned up 0 empty switches.

4.4.2. Executing PROC_RMDEAD pass (remove dead branches from decision trees).
Marked 1 switch rules as full_case in process $proc$/home/rahul/qorc-sdk/fpga_toolchain_install/v1.3.1/quicklogic-arch-defs/share/techmaps/quicklogic/pp3/techmap/cells_sim.v:4781$42 in module MULT.
Marked 2 switch rules as full_case in process $proc$/home/rahul/qorc-sdk/fpga_toolchain_install/v1.3.1/quicklogic-arch-defs/share/techmaps/quicklogic/pp3/techmap/cells_sim.v:242$24 in module Q_FRAG.
Marked 1 switch rules as full_case in process $proc$/home/rahul/qorc-sdk/qorc-testapps/qf_helloworldfpga/fpga/rtl/helloworldfpga.v:19$1 in module helloworldfpga.
Removed a total of 0 dead cases.

4.4.3. Executing PROC_PRUNE pass (remove redundant assignments in processes).
Removed 1 redundant assignment.
Promoted 4 assignments to connections.

4.4.4. Executing PROC_INIT pass (extract init attributes).
Found init rule in `\Q_FRAG.$proc$/home/rahul/qorc-sdk/fpga_toolchain_install/v1.3.1/quicklogic-arch-defs/share/techmaps/quicklogic/pp3/techmap/cells_sim.v:0$25'.
  Set init value: \QZ = 1'0
Found init rule in `\helloworldfpga.$proc$/home/rahul/qorc-sdk/qorc-testapps/qf_helloworldfpga/fpga/rtl/helloworldfpga.v:0$7'.
  Set init value: \led = 1'0
Found init rule in `\helloworldfpga.$proc$/home/rahul/qorc-sdk/qorc-testapps/qf_helloworldfpga/fpga/rtl/helloworldfpga.v:0$5'.
  Set init value: \cnt = 24'000000000000000000000000

4.4.5. Executing PROC_ARST pass (detect async resets in processes).
Found async reset \QST in `\Q_FRAG.$proc$/home/rahul/qorc-sdk/fpga_toolchain_install/v1.3.1/quicklogic-arch-defs/share/techmaps/quicklogic/pp3/techmap/cells_sim.v:242$24'.
Found async reset \QRT in `\Q_FRAG.$proc$/home/rahul/qorc-sdk/fpga_toolchain_install/v1.3.1/quicklogic-arch-defs/share/techmaps/quicklogic/pp3/techmap/cells_sim.v:242$24'.

4.4.6. Executing PROC_MUX pass (convert decision trees to multiplexers).
Creating decoders for process `\MULT.$proc$/home/rahul/qorc-sdk/fpga_toolchain_install/v1.3.1/quicklogic-arch-defs/share/techmaps/quicklogic/pp3/techmap/cells_sim.v:4781$42'.
     1/2: $0\Cmult[63:0] [63:32]
     2/2: $0\Cmult[63:0] [31:0]
Creating decoders for process `\Q_FRAG.$proc$/home/rahul/qorc-sdk/fpga_toolchain_install/v1.3.1/quicklogic-arch-defs/share/techmaps/quicklogic/pp3/techmap/cells_sim.v:0$25'.
Creating decoders for process `\Q_FRAG.$proc$/home/rahul/qorc-sdk/fpga_toolchain_install/v1.3.1/quicklogic-arch-defs/share/techmaps/quicklogic/pp3/techmap/cells_sim.v:242$24'.
     1/1: $0\QZ[0:0]
Creating decoders for process `\helloworldfpga.$proc$/home/rahul/qorc-sdk/qorc-testapps/qf_helloworldfpga/fpga/rtl/helloworldfpga.v:0$7'.
Creating decoders for process `\helloworldfpga.$proc$/home/rahul/qorc-sdk/qorc-testapps/qf_helloworldfpga/fpga/rtl/helloworldfpga.v:0$6'.
Creating decoders for process `\helloworldfpga.$proc$/home/rahul/qorc-sdk/qorc-testapps/qf_helloworldfpga/fpga/rtl/helloworldfpga.v:0$5'.
Creating decoders for process `\helloworldfpga.$proc$/home/rahul/qorc-sdk/qorc-testapps/qf_helloworldfpga/fpga/rtl/helloworldfpga.v:19$1'.
     1/2: $0\cnt[23:0]
     2/2: $0\led[0:0]

4.4.7. Executing PROC_DLATCH pass (convert process syncs to latches).
No latch inferred for signal `\helloworldfpga.\stopcnt' from process `\helloworldfpga.$proc$/home/rahul/qorc-sdk/qorc-testapps/qf_helloworldfpga/fpga/rtl/helloworldfpga.v:0$6'.

4.4.8. Executing PROC_DFF pass (convert process syncs to FFs).
Creating register for signal `\MULT.\Cmult' using process `\MULT.$proc$/home/rahul/qorc-sdk/fpga_toolchain_install/v1.3.1/quicklogic-arch-defs/share/techmaps/quicklogic/pp3/techmap/cells_sim.v:4781$42'.
  created direct connection (no actual register cell created).
Creating register for signal `\Q_FRAG.\QZ' using process `\Q_FRAG.$proc$/home/rahul/qorc-sdk/fpga_toolchain_install/v1.3.1/quicklogic-arch-defs/share/techmaps/quicklogic/pp3/techmap/cells_sim.v:242$24'.
Warning: Complex async reset for dff `\QZ'.
  created $dffsr cell `$procdff$899' with positive edge clock and multiple level-sensitive resets.
Creating register for signal `\helloworldfpga.\cnt' using process `\helloworldfpga.$proc$/home/rahul/qorc-sdk/qorc-testapps/qf_helloworldfpga/fpga/rtl/helloworldfpga.v:19$1'.
  created $dff cell `$procdff$900' with positive edge clock.
Creating register for signal `\helloworldfpga.\led' using process `\helloworldfpga.$proc$/home/rahul/qorc-sdk/qorc-testapps/qf_helloworldfpga/fpga/rtl/helloworldfpga.v:19$1'.
  created $dff cell `$procdff$901' with positive edge clock.

4.4.9. Executing PROC_CLEAN pass (remove empty switches from decision trees).
Found and cleaned up 4 empty switches in `\MULT.$proc$/home/rahul/qorc-sdk/fpga_toolchain_install/v1.3.1/quicklogic-arch-defs/share/techmaps/quicklogic/pp3/techmap/cells_sim.v:4781$42'.
Removing empty process `MULT.$proc$/home/rahul/qorc-sdk/fpga_toolchain_install/v1.3.1/quicklogic-arch-defs/share/techmaps/quicklogic/pp3/techmap/cells_sim.v:4781$42'.
Removing empty process `Q_FRAG.$proc$/home/rahul/qorc-sdk/fpga_toolchain_install/v1.3.1/quicklogic-arch-defs/share/techmaps/quicklogic/pp3/techmap/cells_sim.v:0$25'.
Found and cleaned up 1 empty switch in `\Q_FRAG.$proc$/home/rahul/qorc-sdk/fpga_toolchain_install/v1.3.1/quicklogic-arch-defs/share/techmaps/quicklogic/pp3/techmap/cells_sim.v:242$24'.
Removing empty process `Q_FRAG.$proc$/home/rahul/qorc-sdk/fpga_toolchain_install/v1.3.1/quicklogic-arch-defs/share/techmaps/quicklogic/pp3/techmap/cells_sim.v:242$24'.
Removing empty process `helloworldfpga.$proc$/home/rahul/qorc-sdk/qorc-testapps/qf_helloworldfpga/fpga/rtl/helloworldfpga.v:0$7'.
Removing empty process `helloworldfpga.$proc$/home/rahul/qorc-sdk/qorc-testapps/qf_helloworldfpga/fpga/rtl/helloworldfpga.v:0$6'.
Removing empty process `helloworldfpga.$proc$/home/rahul/qorc-sdk/qorc-testapps/qf_helloworldfpga/fpga/rtl/helloworldfpga.v:0$5'.
Found and cleaned up 1 empty switch in `\helloworldfpga.$proc$/home/rahul/qorc-sdk/qorc-testapps/qf_helloworldfpga/fpga/rtl/helloworldfpga.v:19$1'.
Removing empty process `helloworldfpga.$proc$/home/rahul/qorc-sdk/qorc-testapps/qf_helloworldfpga/fpga/rtl/helloworldfpga.v:19$1'.
Cleaned up 6 empty switches.

4.5. Executing FLATTEN pass (flatten design).

4.6. Executing TRIBUF pass.

4.7. Executing OPT_EXPR pass (perform const folding).
Optimizing module helloworldfpga.

4.8. Executing OPT_CLEAN pass (remove unused cells and wires).
Finding unused cells or wires in module \helloworldfpga..
Removed 0 unused cells and 7 unused wires.

4.9. Executing DEMINOUT pass (demote inout ports to input or output).

4.10. Executing OPT pass (performing simple optimizations).

4.10.1. Executing OPT_EXPR pass (perform const folding).
Optimizing module helloworldfpga.

4.10.2. Executing OPT_MERGE pass (detect identical cells).
Finding identical cells in module `\helloworldfpga'.
Removed a total of 0 cells.

4.10.3. Executing OPT_MUXTREE pass (detect dead branches in mux trees).
Running muxtree optimizer on module \helloworldfpga..
  Creating internal representation of mux trees.
  Evaluating internal representation of mux trees.
  Analyzing evaluation results.
Removed 0 multiplexer ports.

4.10.4. Executing OPT_REDUCE pass (consolidate $*mux and $reduce_* inputs).
  Optimizing cells in module \helloworldfpga.
Performed a total of 0 changes.

4.10.5. Executing OPT_MERGE pass (detect identical cells).
Finding identical cells in module `\helloworldfpga'.
Removed a total of 0 cells.

4.10.6. Executing OPT_RMDFF pass (remove dff with constant values).

4.10.7. Executing OPT_CLEAN pass (remove unused cells and wires).
Finding unused cells or wires in module \helloworldfpga..

4.10.8. Executing OPT_EXPR pass (perform const folding).
Optimizing module helloworldfpga.

4.10.9. Finished OPT passes. (There is nothing left to do.)

4.11. Executing OPT_EXPR pass (perform const folding).
Optimizing module helloworldfpga.

4.12. Executing OPT_CLEAN pass (remove unused cells and wires).
Finding unused cells or wires in module \helloworldfpga..

4.13. Executing CHECK pass (checking for obvious problems).
checking module helloworldfpga..
Warning: Wire helloworldfpga.\redled is used but has no driver.
Warning: Wire helloworldfpga.\blueled is used but has no driver.
found and reported 2 problems.

4.14. Executing OPT pass (performing simple optimizations).

4.14.1. Executing OPT_EXPR pass (perform const folding).
Optimizing module helloworldfpga.

4.14.2. Executing OPT_MERGE pass (detect identical cells).
Finding identical cells in module `\helloworldfpga'.
Removed a total of 0 cells.

4.14.3. Executing OPT_MUXTREE pass (detect dead branches in mux trees).
Running muxtree optimizer on module \helloworldfpga..
  Creating internal representation of mux trees.
  Evaluating internal representation of mux trees.
  Analyzing evaluation results.
Removed 0 multiplexer ports.

4.14.4. Executing OPT_REDUCE pass (consolidate $*mux and $reduce_* inputs).
  Optimizing cells in module \helloworldfpga.
Performed a total of 0 changes.

4.14.5. Executing OPT_MERGE pass (detect identical cells).
Finding identical cells in module `\helloworldfpga'.
Removed a total of 0 cells.

4.14.6. Executing OPT_RMDFF pass (remove dff with constant values).

4.14.7. Executing OPT_CLEAN pass (remove unused cells and wires).
Finding unused cells or wires in module \helloworldfpga..

4.14.8. Executing OPT_EXPR pass (perform const folding).
Optimizing module helloworldfpga.

4.14.9. Finished OPT passes. (There is nothing left to do.)

4.15. Executing WREDUCE pass (reducing word size of cells).
Removed top 3 bits (of 24) from port B of cell helloworldfpga.$eq$/home/rahul/qorc-sdk/qorc-testapps/qf_helloworldfpga/fpga/rtl/helloworldfpga.v:20$2 ($eq).
Removed top 31 bits (of 32) from port B of cell helloworldfpga.$add$/home/rahul/qorc-sdk/qorc-testapps/qf_helloworldfpga/fpga/rtl/helloworldfpga.v:24$4 ($add).
Removed top 8 bits (of 32) from port Y of cell helloworldfpga.$add$/home/rahul/qorc-sdk/qorc-testapps/qf_helloworldfpga/fpga/rtl/helloworldfpga.v:24$4 ($add).
Removed top 8 bits (of 32) from wire helloworldfpga.$add$/home/rahul/qorc-sdk/qorc-testapps/qf_helloworldfpga/fpga/rtl/helloworldfpga.v:24$4_Y.

4.16. Executing PEEPOPT pass (run peephole optimizers).

4.17. Executing PMUXTREE pass.

4.18. Executing OPT_CLEAN pass (remove unused cells and wires).
Finding unused cells or wires in module \helloworldfpga..
Removed 0 unused cells and 1 unused wires.

4.19. Executing ALUMACC pass (create $alu and $macc cells).
Extracting $alu and $macc cells in module helloworldfpga:
  creating $macc model for $add$/home/rahul/qorc-sdk/qorc-testapps/qf_helloworldfpga/fpga/rtl/helloworldfpga.v:24$4 ($add).
  creating $alu model for $macc $add$/home/rahul/qorc-sdk/qorc-testapps/qf_helloworldfpga/fpga/rtl/helloworldfpga.v:24$4.
  creating $alu cell for $add$/home/rahul/qorc-sdk/qorc-testapps/qf_helloworldfpga/fpga/rtl/helloworldfpga.v:24$4: $auto$alumacc.cc:485:replace_alu$903
  created 1 $alu and 0 $macc cells.

4.20. Executing OPT pass (performing simple optimizations).

4.20.1. Executing OPT_EXPR pass (perform const folding).
Optimizing module helloworldfpga.

4.20.2. Executing OPT_MERGE pass (detect identical cells).
Finding identical cells in module `\helloworldfpga'.
Removed a total of 0 cells.

4.20.3. Executing OPT_MUXTREE pass (detect dead branches in mux trees).
Running muxtree optimizer on module \helloworldfpga..
  Creating internal representation of mux trees.
  Evaluating internal representation of mux trees.
  Analyzing evaluation results.
Removed 0 multiplexer ports.

4.20.4. Executing OPT_REDUCE pass (consolidate $*mux and $reduce_* inputs).
  Optimizing cells in module \helloworldfpga.
Performed a total of 0 changes.

4.20.5. Executing OPT_MERGE pass (detect identical cells).
Finding identical cells in module `\helloworldfpga'.
Removed a total of 0 cells.

4.20.6. Executing OPT_RMDFF pass (remove dff with constant values).

4.20.7. Executing OPT_CLEAN pass (remove unused cells and wires).
Finding unused cells or wires in module \helloworldfpga..

4.20.8. Executing OPT_EXPR pass (perform const folding).
Optimizing module helloworldfpga.

4.20.9. Finished OPT passes. (There is nothing left to do.)

4.21. Executing FSM pass (extract and optimize FSM).

4.21.1. Executing FSM_DETECT pass (finding FSMs in design).

4.21.2. Executing FSM_EXTRACT pass (extracting FSM from design).

4.21.3. Executing FSM_OPT pass (simple optimizations of FSMs).

4.21.4. Executing OPT_CLEAN pass (remove unused cells and wires).
Finding unused cells or wires in module \helloworldfpga..

4.21.5. Executing FSM_OPT pass (simple optimizations of FSMs).

4.21.6. Executing FSM_RECODE pass (re-assigning FSM state encoding).

4.21.7. Executing FSM_INFO pass (dumping all available information on FSM cells).

4.21.8. Executing FSM_MAP pass (mapping FSMs to basic logic).

4.22. Executing OPT pass (performing simple optimizations).

4.22.1. Executing OPT_EXPR pass (perform const folding).
Optimizing module helloworldfpga.

4.22.2. Executing OPT_MERGE pass (detect identical cells).
Finding identical cells in module `\helloworldfpga'.
Removed a total of 0 cells.

4.22.3. Executing OPT_RMDFF pass (remove dff with constant values).

4.22.4. Executing OPT_CLEAN pass (remove unused cells and wires).
Finding unused cells or wires in module \helloworldfpga..

4.22.5. Finished fast OPT passes.

4.23. Executing MEMORY pass.

4.23.1. Executing OPT_MEM pass (optimize memories).
Performed a total of 0 transformations.

4.23.2. Executing MEMORY_DFF pass (merging $dff cells to $memrd and $memwr).

4.23.3. Executing OPT_CLEAN pass (remove unused cells and wires).
Finding unused cells or wires in module \helloworldfpga..

4.23.4. Executing MEMORY_SHARE pass (consolidating $memrd/$memwr cells).

4.23.5. Executing OPT_CLEAN pass (remove unused cells and wires).
Finding unused cells or wires in module \helloworldfpga..

4.23.6. Executing MEMORY_COLLECT pass (generating $mem cells).

4.24. Executing OPT_CLEAN pass (remove unused cells and wires).
Finding unused cells or wires in module \helloworldfpga..

4.25. Executing MEMORY_BRAM pass (mapping $mem cells to block memories).

4.26. Executing PP3_BRAMINIT pass.
cell type $auto$alumacc.cc:485:replace_alu$903
cell type $eq$/home/rahul/qorc-sdk/qorc-testapps/qf_helloworldfpga/fpga/rtl/helloworldfpga.v:20$2
cell type $not$/home/rahul/qorc-sdk/qorc-testapps/qf_helloworldfpga/fpga/rtl/helloworldfpga.v:22$3
cell type $procdff$900
cell type $procdff$901
cell type $procmux$882
cell type $procmux$885
cell type u_qlal4s3b_cell_macro

4.27. Executing TECHMAP pass (map to technology primitives).

4.27.1. Executing Verilog-2005 frontend: /home/rahul/qorc-sdk/fpga_toolchain_install/v1.3.1/conda/bin/../share/yosys/quicklogic/pp3_brams_map.v
Parsing Verilog input from `/home/rahul/qorc-sdk/fpga_toolchain_install/v1.3.1/conda/bin/../share/yosys/quicklogic/pp3_brams_map.v' to AST representation.
Generating RTLIL representation for module `\$__QUICKLOGIC_RAMB16K'.
/home/rahul/qorc-sdk/fpga_toolchain_install/v1.3.1/conda/bin/../share/yosys/quicklogic/pp3_brams_map.v:21: Warning: Identifier `\VCC' is implicitly declared.
/home/rahul/qorc-sdk/fpga_toolchain_install/v1.3.1/conda/bin/../share/yosys/quicklogic/pp3_brams_map.v:22: Warning: Identifier `\GND' is implicitly declared.
Generating RTLIL representation for module `\$__QUICKLOGIC_RAMB8K'.
/home/rahul/qorc-sdk/fpga_toolchain_install/v1.3.1/conda/bin/../share/yosys/quicklogic/pp3_brams_map.v:239: Warning: Identifier `\GND' is implicitly declared.
/home/rahul/qorc-sdk/fpga_toolchain_install/v1.3.1/conda/bin/../share/yosys/quicklogic/pp3_brams_map.v:240: Warning: Identifier `\VCC' is implicitly declared.
Generating RTLIL representation for module `\RAM_8K_BLK'.
/home/rahul/qorc-sdk/fpga_toolchain_install/v1.3.1/conda/bin/../share/yosys/quicklogic/pp3_brams_map.v:539: Warning: Range [17:0] select out of bounds on signal `\out_reg0': Setting 2 MSB bits to undef.
Generating RTLIL representation for module `\RAM_16K_BLK'.
/home/rahul/qorc-sdk/fpga_toolchain_install/v1.3.1/conda/bin/../share/yosys/quicklogic/pp3_brams_map.v:825: Warning: Range [35:0] select out of bounds on signal `\out_reg0': Setting 4 MSB bits to undef.
Generating RTLIL representation for module `\FIFO_8K_BLK'.
/home/rahul/qorc-sdk/fpga_toolchain_install/v1.3.1/conda/bin/../share/yosys/quicklogic/pp3_brams_map.v:999: Warning: Range [35:0] select out of bounds on signal `\out_reg0': Setting 20 MSB bits to undef.
Generating RTLIL representation for module `\FIFO_16K_BLK'.
/home/rahul/qorc-sdk/fpga_toolchain_install/v1.3.1/conda/bin/../share/yosys/quicklogic/pp3_brams_map.v:1251: Warning: Range [35:0] select out of bounds on signal `\out_reg0': Setting 4 MSB bits to undef.
Successfully finished Verilog frontend.

4.27.2. Continuing TECHMAP pass.
No more expansions possible.

4.28. Executing OPT pass (performing simple optimizations).

4.28.1. Executing OPT_EXPR pass (perform const folding).
Optimizing module helloworldfpga.

4.28.2. Executing OPT_MERGE pass (detect identical cells).
Finding identical cells in module `\helloworldfpga'.
Removed a total of 0 cells.

4.28.3. Executing OPT_RMDFF pass (remove dff with constant values).

4.28.4. Executing OPT_CLEAN pass (remove unused cells and wires).
Finding unused cells or wires in module \helloworldfpga..

4.28.5. Finished fast OPT passes.

4.29. Executing MEMORY_MAP pass (converting $mem cells to logic and flip-flops).

4.30. Executing OPT pass (performing simple optimizations).

4.30.1. Executing OPT_EXPR pass (perform const folding).
Optimizing module helloworldfpga.

4.30.2. Executing OPT_MERGE pass (detect identical cells).
Finding identical cells in module `\helloworldfpga'.
Removed a total of 0 cells.

4.30.3. Executing OPT_MUXTREE pass (detect dead branches in mux trees).
Running muxtree optimizer on module \helloworldfpga..
  Creating internal representation of mux trees.
  Evaluating internal representation of mux trees.
  Analyzing evaluation results.
Removed 0 multiplexer ports.

4.30.4. Executing OPT_REDUCE pass (consolidate $*mux and $reduce_* inputs).
  Optimizing cells in module \helloworldfpga.
Performed a total of 0 changes.

4.30.5. Executing OPT_MERGE pass (detect identical cells).
Finding identical cells in module `\helloworldfpga'.
Removed a total of 0 cells.

4.30.6. Executing OPT_RMDFF pass (remove dff with constant values).

4.30.7. Executing OPT_CLEAN pass (remove unused cells and wires).
Finding unused cells or wires in module \helloworldfpga..

4.30.8. Executing OPT_EXPR pass (perform const folding).
Optimizing module helloworldfpga.

4.30.9. Finished OPT passes. (There is nothing left to do.)

4.31. Executing TECHMAP pass (map to technology primitives).

4.31.1. Executing Verilog-2005 frontend: /home/rahul/qorc-sdk/fpga_toolchain_install/v1.3.1/conda/bin/../share/yosys/techmap.v
Parsing Verilog input from `/home/rahul/qorc-sdk/fpga_toolchain_install/v1.3.1/conda/bin/../share/yosys/techmap.v' to AST representation.
Generating RTLIL representation for module `\_90_simplemap_bool_ops'.
Generating RTLIL representation for module `\_90_simplemap_reduce_ops'.
Generating RTLIL representation for module `\_90_simplemap_logic_ops'.
Generating RTLIL representation for module `\_90_simplemap_compare_ops'.
Generating RTLIL representation for module `\_90_simplemap_various'.
Generating RTLIL representation for module `\_90_simplemap_registers'.
Generating RTLIL representation for module `\_90_shift_ops_shr_shl_sshl_sshr'.
Generating RTLIL representation for module `\_90_shift_shiftx'.
Generating RTLIL representation for module `\_90_fa'.
Generating RTLIL representation for module `\_90_lcu'.
Generating RTLIL representation for module `\_90_alu'.
Generating RTLIL representation for module `\_90_macc'.
Generating RTLIL representation for module `\_90_alumacc'.
Generating RTLIL representation for module `\$__div_mod_u'.
Generating RTLIL representation for module `\$__div_mod_trunc'.
Generating RTLIL representation for module `\_90_div'.
Generating RTLIL representation for module `\_90_mod'.
Generating RTLIL representation for module `\$__div_mod_floor'.
Generating RTLIL representation for module `\_90_divfloor'.
Generating RTLIL representation for module `\_90_modfloor'.
Generating RTLIL representation for module `\_90_pow'.
Generating RTLIL representation for module `\_90_pmux'.
Generating RTLIL representation for module `\_90_lut'.
Successfully finished Verilog frontend.

4.31.2. Continuing TECHMAP pass.
Using extmapper simplemap for cells of type $eq.
Using extmapper simplemap for cells of type $not.
Using extmapper simplemap for cells of type $mux.
Using template $paramod\_90_alu\A_SIGNED=0\B_SIGNED=0\A_WIDTH=1\B_WIDTH=24\Y_WIDTH=24 for cells of type $alu.
Using extmapper simplemap for cells of type $dff.
Using extmapper simplemap for cells of type $xor.
Using extmapper simplemap for cells of type $and.
Using template $paramod\_90_lcu\WIDTH=24 for cells of type $lcu.
Using extmapper simplemap for cells of type $pos.
Using extmapper simplemap for cells of type $or.
No more expansions possible.

4.32. Executing OPT pass (performing simple optimizations).

4.32.1. Executing OPT_EXPR pass (perform const folding).
Optimizing module helloworldfpga.

4.32.2. Executing OPT_MERGE pass (detect identical cells).
Finding identical cells in module `\helloworldfpga'.
Removed a total of 8 cells.

4.32.3. Executing OPT_RMDFF pass (remove dff with constant values).

4.32.4. Executing OPT_CLEAN pass (remove unused cells and wires).
Finding unused cells or wires in module \helloworldfpga..
Removed 21 unused cells and 92 unused wires.

4.32.5. Finished fast OPT passes.

4.33. Executing MUXCOVER pass (mapping to wider MUXes).
Covering MUX trees in module helloworldfpga..
  Treeifying 25 MUXes:
    Found tree with 1 MUXes at root $0\cnt[23:0] [0].
    Found tree with 1 MUXes at root $0\cnt[23:0] [1].
    Found tree with 1 MUXes at root $0\cnt[23:0] [2].
    Found tree with 1 MUXes at root $0\cnt[23:0] [3].
    Found tree with 1 MUXes at root $0\cnt[23:0] [4].
    Found tree with 1 MUXes at root $0\cnt[23:0] [5].
    Found tree with 1 MUXes at root $0\cnt[23:0] [6].
    Found tree with 1 MUXes at root $0\cnt[23:0] [7].
    Found tree with 1 MUXes at root $0\cnt[23:0] [8].
    Found tree with 1 MUXes at root $0\cnt[23:0] [9].
    Found tree with 1 MUXes at root $0\cnt[23:0] [10].
    Found tree with 1 MUXes at root $0\cnt[23:0] [11].
    Found tree with 1 MUXes at root $0\cnt[23:0] [12].
    Found tree with 1 MUXes at root $0\cnt[23:0] [13].
    Found tree with 1 MUXes at root $0\cnt[23:0] [14].
    Found tree with 1 MUXes at root $0\cnt[23:0] [15].
    Found tree with 1 MUXes at root $0\cnt[23:0] [16].
    Found tree with 1 MUXes at root $0\cnt[23:0] [17].
    Found tree with 1 MUXes at root $0\cnt[23:0] [18].
    Found tree with 1 MUXes at root $0\cnt[23:0] [19].
    Found tree with 1 MUXes at root $0\cnt[23:0] [20].
    Found tree with 1 MUXes at root $0\cnt[23:0] [21].
    Found tree with 1 MUXes at root $0\cnt[23:0] [22].
    Found tree with 1 MUXes at root $0\cnt[23:0] [23].
    Found tree with 1 MUXes at root $0\led[0:0].
    Finished treeification: Found 25 trees.
  Covering trees:
    Replaced tree at $0\cnt[23:0] [0]: 1 MUX2, 0 MUX4, 0 MUX8, 0 MUX16
    Replaced tree at $0\cnt[23:0] [1]: 1 MUX2, 0 MUX4, 0 MUX8, 0 MUX16
    Replaced tree at $0\cnt[23:0] [2]: 1 MUX2, 0 MUX4, 0 MUX8, 0 MUX16
    Replaced tree at $0\cnt[23:0] [3]: 1 MUX2, 0 MUX4, 0 MUX8, 0 MUX16
    Replaced tree at $0\cnt[23:0] [4]: 1 MUX2, 0 MUX4, 0 MUX8, 0 MUX16
    Replaced tree at $0\cnt[23:0] [5]: 1 MUX2, 0 MUX4, 0 MUX8, 0 MUX16
    Replaced tree at $0\cnt[23:0] [6]: 1 MUX2, 0 MUX4, 0 MUX8, 0 MUX16
    Replaced tree at $0\cnt[23:0] [7]: 1 MUX2, 0 MUX4, 0 MUX8, 0 MUX16
    Replaced tree at $0\cnt[23:0] [8]: 1 MUX2, 0 MUX4, 0 MUX8, 0 MUX16
    Replaced tree at $0\cnt[23:0] [9]: 1 MUX2, 0 MUX4, 0 MUX8, 0 MUX16
    Replaced tree at $0\cnt[23:0] [10]: 1 MUX2, 0 MUX4, 0 MUX8, 0 MUX16
    Replaced tree at $0\cnt[23:0] [11]: 1 MUX2, 0 MUX4, 0 MUX8, 0 MUX16
    Replaced tree at $0\cnt[23:0] [12]: 1 MUX2, 0 MUX4, 0 MUX8, 0 MUX16
    Replaced tree at $0\cnt[23:0] [13]: 1 MUX2, 0 MUX4, 0 MUX8, 0 MUX16
    Replaced tree at $0\cnt[23:0] [14]: 1 MUX2, 0 MUX4, 0 MUX8, 0 MUX16
    Replaced tree at $0\cnt[23:0] [15]: 1 MUX2, 0 MUX4, 0 MUX8, 0 MUX16
    Replaced tree at $0\cnt[23:0] [16]: 1 MUX2, 0 MUX4, 0 MUX8, 0 MUX16
    Replaced tree at $0\cnt[23:0] [17]: 1 MUX2, 0 MUX4, 0 MUX8, 0 MUX16
    Replaced tree at $0\cnt[23:0] [18]: 1 MUX2, 0 MUX4, 0 MUX8, 0 MUX16
    Replaced tree at $0\cnt[23:0] [19]: 1 MUX2, 0 MUX4, 0 MUX8, 0 MUX16
    Replaced tree at $0\cnt[23:0] [20]: 1 MUX2, 0 MUX4, 0 MUX8, 0 MUX16
    Replaced tree at $0\cnt[23:0] [21]: 1 MUX2, 0 MUX4, 0 MUX8, 0 MUX16
    Replaced tree at $0\cnt[23:0] [22]: 1 MUX2, 0 MUX4, 0 MUX8, 0 MUX16
    Replaced tree at $0\cnt[23:0] [23]: 1 MUX2, 0 MUX4, 0 MUX8, 0 MUX16
    Replaced tree at $0\led[0:0]: 1 MUX2, 0 MUX4, 0 MUX8, 0 MUX16
  Added a total of 0 decoder MUXes.

4.34. Executing OPT_EXPR pass (perform const folding).
Optimizing module helloworldfpga.

4.35. Executing DFF2DFFE pass (transform $dff to $dffe where applicable).
Transforming FF to FF+Enable cells in module helloworldfpga:
  created $_DFFE_PP_ cell $auto$dff2dffe.cc:219:handle_dff_cell$1553 for $0\led[0:0] -> \led.
  removing now obsolete cell $auto$simplemap.cc:420:simplemap_dff$1105.

4.36. Executing TECHMAP pass (map to technology primitives).

4.36.1. Executing Verilog-2005 frontend: /home/rahul/qorc-sdk/fpga_toolchain_install/v1.3.1/conda/bin/../share/yosys/quicklogic/pp3_ffs_map.v
Parsing Verilog input from `/home/rahul/qorc-sdk/fpga_toolchain_install/v1.3.1/conda/bin/../share/yosys/quicklogic/pp3_ffs_map.v' to AST representation.
Generating RTLIL representation for module `\$_DFF_N_'.
Generating RTLIL representation for module `\$_DFF_P_'.
Generating RTLIL representation for module `\$_DFF_NN0_'.
Generating RTLIL representation for module `\$_DFF_NN1_'.
Generating RTLIL representation for module `\$_DFF_NP0_'.
Generating RTLIL representation for module `\$_DFF_NP1_'.
Generating RTLIL representation for module `\$_DFF_PN0_'.
Generating RTLIL representation for module `\$_DFF_PN1_'.
Generating RTLIL representation for module `\$_DFF_PP0_'.
Generating RTLIL representation for module `\$_DFF_PP1_'.
Generating RTLIL representation for module `\$_DFFSR_NPP_'.
Generating RTLIL representation for module `\$_DFFSR_PPP_'.
Generating RTLIL representation for module `\$_DFFE_NN_'.
Generating RTLIL representation for module `\$_DFFE_NP_'.
Generating RTLIL representation for module `\$_DFFE_PN_'.
Generating RTLIL representation for module `\$_DFFE_PP_'.
Successfully finished Verilog frontend.

4.36.2. Continuing TECHMAP pass.
Using template \$_DFF_P_ for cells of type $_DFF_P_.
Using template \$_DFFE_PP_ for cells of type $_DFFE_PP_.
No more expansions possible.

4.37. Executing OPT_EXPR pass (perform const folding).
Optimizing module helloworldfpga.

4.38. Executing SIMPLEMAP pass (map simple cells to gate primitives).

4.39. Executing TECHMAP pass (map to technology primitives).

4.39.1. Executing Verilog-2005 frontend: /home/rahul/qorc-sdk/fpga_toolchain_install/v1.3.1/conda/bin/../share/yosys/quicklogic/pp3_latches_map.v
Parsing Verilog input from `/home/rahul/qorc-sdk/fpga_toolchain_install/v1.3.1/conda/bin/../share/yosys/quicklogic/pp3_latches_map.v' to AST representation.
Generating RTLIL representation for module `\$_DLATCH_P_'.
Generating RTLIL representation for module `\$_DLATCH_N_'.
Generating RTLIL representation for module `\$_DLATCHSR_NNN_'.
Generating RTLIL representation for module `\$_DLATCHSR_NNP_'.
Generating RTLIL representation for module `\$_DLATCHSR_NPN_'.
Generating RTLIL representation for module `\$_DLATCHSR_NPP_'.
Generating RTLIL representation for module `\$_DLATCHSR_PNN_'.
Generating RTLIL representation for module `\$_DLATCHSR_PNP_'.
Generating RTLIL representation for module `\$_DLATCHSR_PPN_'.
Generating RTLIL representation for module `\$_DLATCHSR_PPP_'.
Successfully finished Verilog frontend.

4.39.2. Continuing TECHMAP pass.
No more expansions possible.

4.40. Executing ABC pass (technology mapping using ABC).

4.40.1. Extracting gate netlist of module `\helloworldfpga' to `<abc-temp-dir>/input.blif'..
Extracted 117 gates and 143 wires to a netlist network with 25 inputs and 26 outputs.

4.40.1.1. Executing ABC.
Running ABC command: <yosys-exe-dir>/yosys-abc -s -f <abc-temp-dir>/abc.script 2>&1
ABC: ABC command line: "source <abc-temp-dir>/abc.script".
ABC: 
ABC: + read_blif <abc-temp-dir>/input.blif 
ABC: + read_library <abc-temp-dir>/stdcells.genlib 
ABC: Entered genlib library with 13 gates from file "<abc-temp-dir>/stdcells.genlib".
ABC: + read_lut <yosys-exe-dir>/../share/yosys/quicklogic/pp3_lutdefs.txt 
ABC: + strash 
ABC: + ifraig 
ABC: + scorr 
ABC: Warning: The network is combinational (run "fraig" or "fraig_sweep").
ABC: + dc2 
ABC: + dretime 
ABC: + strash 
ABC: + dch -f 
ABC: + if 
ABC: + mfs2 
ABC: + sweep 
ABC: + eliminate 
ABC: + if 
ABC: The network was strashed and balanced before FPGA mapping.
ABC: + mfs 
ABC: + lutpack 
ABC: + dress 
ABC: Total number of equiv classes                =      34.
ABC: Participating nodes from both networks       =      83.
ABC: Participating nodes from the first network   =      33. (  57.89 % of nodes)
ABC: Participating nodes from the second network  =      50. (  87.72 % of nodes)
ABC: Node pairs (any polarity)                    =      33. (  57.89 % of names can be moved)
ABC: Node pairs (same polarity)                   =      32. (  56.14 % of names can be moved)
ABC: Total runtime =     0.01 sec
ABC: + write_blif <abc-temp-dir>/output.blif 

4.40.1.2. Re-integrating ABC results.
ABC RESULTS:              $lut cells:       56
ABC RESULTS:        internal signals:       92
ABC RESULTS:           input signals:       25
ABC RESULTS:          output signals:       26
Removing temp directory.

4.41. Executing TECHMAP pass (map to technology primitives).

4.41.1. Executing Verilog-2005 frontend: /home/rahul/qorc-sdk/fpga_toolchain_install/v1.3.1/conda/bin/../share/yosys/quicklogic/pp3_ffs_map.v
Parsing Verilog input from `/home/rahul/qorc-sdk/fpga_toolchain_install/v1.3.1/conda/bin/../share/yosys/quicklogic/pp3_ffs_map.v' to AST representation.
Generating RTLIL representation for module `\$_DFF_N_'.
Generating RTLIL representation for module `\$_DFF_P_'.
Generating RTLIL representation for module `\$_DFF_NN0_'.
Generating RTLIL representation for module `\$_DFF_NN1_'.
Generating RTLIL representation for module `\$_DFF_NP0_'.
Generating RTLIL representation for module `\$_DFF_NP1_'.
Generating RTLIL representation for module `\$_DFF_PN0_'.
Generating RTLIL representation for module `\$_DFF_PN1_'.
Generating RTLIL representation for module `\$_DFF_PP0_'.
Generating RTLIL representation for module `\$_DFF_PP1_'.
Generating RTLIL representation for module `\$_DFFSR_NPP_'.
Generating RTLIL representation for module `\$_DFFSR_PPP_'.
Generating RTLIL representation for module `\$_DFFE_NN_'.
Generating RTLIL representation for module `\$_DFFE_NP_'.
Generating RTLIL representation for module `\$_DFFE_PN_'.
Generating RTLIL representation for module `\$_DFFE_PP_'.
Successfully finished Verilog frontend.

4.41.2. Continuing TECHMAP pass.
No more expansions possible.
Removed 0 unused cells and 160 unused wires.

4.42. Executing TECHMAP pass (map to technology primitives).

4.42.1. Executing Verilog-2005 frontend: /home/rahul/qorc-sdk/fpga_toolchain_install/v1.3.1/conda/bin/../share/yosys/quicklogic/pp3_cells_map.v
Parsing Verilog input from `/home/rahul/qorc-sdk/fpga_toolchain_install/v1.3.1/conda/bin/../share/yosys/quicklogic/pp3_cells_map.v' to AST representation.
Generating RTLIL representation for module `\$_MUX8_'.
Generating RTLIL representation for module `\$_MUX4_'.
Generating RTLIL representation for module `\$_MUX_'.
Generating RTLIL representation for module `\$_NOT_'.
Generating RTLIL representation for module `\qlal4s3_mult_16x16_cell'.
/home/rahul/qorc-sdk/fpga_toolchain_install/v1.3.1/conda/bin/../share/yosys/quicklogic/pp3_cells_map.v:44: Warning: Identifier `\Valid_mult_w' is implicitly declared.
Successfully finished Verilog frontend.

4.42.2. Executing Verilog-2005 frontend: /home/rahul/qorc-sdk/fpga_toolchain_install/v1.3.1/conda/bin/../share/yosys/quicklogic/pp3_lut_map.v
Parsing Verilog input from `/home/rahul/qorc-sdk/fpga_toolchain_install/v1.3.1/conda/bin/../share/yosys/quicklogic/pp3_lut_map.v' to AST representation.
Generating RTLIL representation for module `\$lut'.
Successfully finished Verilog frontend.

4.42.3. Continuing TECHMAP pass.
Using template $paramod\$lut\WIDTH=2\LUT=4'1000 for cells of type $lut.
Using template $paramod\$lut\WIDTH=3\LUT=8'00010000 for cells of type $lut.
Using template $paramod\$lut\WIDTH=2\LUT=4'0001 for cells of type $lut.
Using template $paramod\$lut\WIDTH=3\LUT=8'10000000 for cells of type $lut.
Using template $paramod\$lut\WIDTH=3\LUT=8'01000000 for cells of type $lut.
Using template $paramod\$lut\WIDTH=4\LUT=16'1000000000000000 for cells of type $lut.
Using template $paramod\$lut\WIDTH=3\LUT=8'01111000 for cells of type $lut.
Using template $paramod\$lut\WIDTH=3\LUT=8'00010100 for cells of type $lut.
Using template $paramod\$lut\WIDTH=2\LUT=4'0110 for cells of type $lut.
Using template $paramod\$lut\WIDTH=4\LUT=16'0000011100001000 for cells of type $lut.
Using template $paramod\$lut\WIDTH=3\LUT=8'10000111 for cells of type $lut.
Using template $paramod\$lut\WIDTH=1\LUT=2'01 for cells of type $lut.
No more expansions possible.
Removed 0 unused cells and 112 unused wires.

4.43. Executing Quicklogic_EQN pass (calculate equations for luts).

4.44. Updated 56 of LUT* elements with equation.

4.45. Executing AUTONAME pass.
Renamed 658 objects in module helloworldfpga (18 iterations).

4.46. Executing HIERARCHY pass (managing design hierarchy).

4.46.1. Analyzing design hierarchy..
Top module:  \helloworldfpga

4.46.2. Analyzing design hierarchy..
Top module:  \helloworldfpga
Removed 0 unused modules.

4.47. Printing statistics.

=== helloworldfpga ===

   Number of wires:                 40
   Number of wire bits:            109
   Number of public wires:          40
   Number of public wire bits:     109
   Number of memories:               0
   Number of memory bits:            0
   Number of processes:              0
   Number of cells:                 82
     LUT1                            1
     LUT2                           21
     LUT3                           28
     LUT4                            6
     dff                            24
     dffe                            1
     qlal4s3b_cell_macro             1

4.48. Executing CHECK pass (checking for obvious problems).
checking module helloworldfpga..
Warning: Wire helloworldfpga.cnt has an unprocessed 'init' attribute.
Warning: Wire helloworldfpga.led has an unprocessed 'init' attribute.
found and reported 2 problems.

4.49. Executing CLKBUFMAP pass (inserting global clock buffers).
Inserting $_BUF_ on helloworldfpga.clk[0].

4.50. Executing IOPADMAP pass (mapping inputs/outputs to IO-PAD cells).
Mapping port helloworldfpga.blueled using outpad.
Mapping port helloworldfpga.greenled using outpad.
Mapping port helloworldfpga.redled using outpad.

4.51. Executing SPLITNETS pass (splitting up multi-bit signals).

4.52. Executing SETUNDEF pass (replace undef values with defined constants).

4.53. Executing HILOMAP pass (mapping to constant drivers).

4.54. Executing OPT_CLEAN pass (remove unused cells and wires).
Finding unused cells or wires in module \helloworldfpga..
Removed 1 unused cells and 29 unused wires.

4.55. Executing CHECK pass (checking for obvious problems).
checking module helloworldfpga..
found and reported 0 problems.

5. Printing statistics.

=== helloworldfpga ===

   Number of wires:                 86
   Number of wire bits:             86
   Number of public wires:          86
   Number of public wire bits:      86
   Number of memories:               0
   Number of memory bits:            0
   Number of processes:              0
   Number of cells:                 86
     LUT1                            1
     LUT2                           21
     LUT3                           28
     LUT4                            6
     dff                            24
     dffe                            1
     logic_0                         1
     outpad                          3
     qlal4s3b_cell_macro             1

Loading PCF from '/home/rahul/qorc-sdk/qorc-testapps/qf_helloworldfpga/fpga/rtl/quickfeather.pcf'...
Loading pinmap CSV from '/home/rahul/qorc-sdk/fpga_toolchain_install/v1.3.1/quicklogic-arch-defs/share/arch/ql-eos-s3_wlcsp/pinmap_PU64.csv'...
Processing cells...
  type       | net        | pad        | loc      | type     | instance
 ------------+------------+------------+----------+----------+-----------
  outpad     | blueled    | 38         | X30Y32   | BIDIR    | $iopadmap$helloworldfpga.blueled
  outpad     | greenled   | 39         | X24Y32   | BIDIR    | $iopadmap$helloworldfpga.greenled
  outpad     | redled     | 34         | X22Y32   | BIDIR    | $iopadmap$helloworldfpga.redled

6. Executing Verilog backend.
Dumping module `\helloworldfpga'.

7. Executing TECHMAP pass (map to technology primitives).

7.1. Executing Verilog-2005 frontend: /home/rahul/qorc-sdk/fpga_toolchain_install/v1.3.1/quicklogic-arch-defs/share/techmaps/quicklogic/pp3/techmap/cells_map.v
Parsing Verilog input from `/home/rahul/qorc-sdk/fpga_toolchain_install/v1.3.1/quicklogic-arch-defs/share/techmaps/quicklogic/pp3/techmap/cells_map.v' to AST representation.
Generating RTLIL representation for module `\logic_0'.
Generating RTLIL representation for module `\logic_1'.
Generating RTLIL representation for module `\inpad'.
Generating RTLIL representation for module `\outpad'.
Generating RTLIL representation for module `\bipad'.
Generating RTLIL representation for module `\ckpad'.
Generating RTLIL representation for module `\qhsckibuff'.
Generating RTLIL representation for module `\qhsckbuff'.
Generating RTLIL representation for module `\gclkbuff'.
Generating RTLIL representation for module `\logic_cell_macro'.
Generating RTLIL representation for module `\inv'.
Generating RTLIL representation for module `\mux2x0'.
Generating RTLIL representation for module `\mux4x0'.
Generating RTLIL representation for module `\mux8x0'.
Generating RTLIL representation for module `\LUT1'.
Generating RTLIL representation for module `\LUT2'.
Generating RTLIL representation for module `\LUT3'.
Generating RTLIL representation for module `\LUT4'.
Generating RTLIL representation for module `\dff'.
Generating RTLIL representation for module `\dffc'.
Generating RTLIL representation for module `\dffp'.
Generating RTLIL representation for module `\dffpc'.
Generating RTLIL representation for module `\dffe'.
Generating RTLIL representation for module `\dffec'.
Generating RTLIL representation for module `\dffepc'.
Generating RTLIL representation for module `\dffsc'.
Generating RTLIL representation for module `\qlal4s3b_cell_macro'.
Generating RTLIL representation for module `\qlal4s3_mult_32x32_cell'.
Generating RTLIL representation for module `\qlal4s3_mult_16x16_cell'.
Generating RTLIL representation for module `\qlal4s3_mult_cell_macro'.
Successfully finished Verilog frontend.

7.2. Continuing TECHMAP pass.
Using template logic_0 for cells of type logic_0.
No more expansions possible.

8. Executing TECHMAP pass (map to technology primitives).

8.1. Executing Verilog-2005 frontend: /home/rahul/qorc-sdk/fpga_toolchain_install/v1.3.1/quicklogic-arch-defs/share/techmaps/quicklogic/pp3/techmap/cells_map.v
Parsing Verilog input from `/home/rahul/qorc-sdk/fpga_toolchain_install/v1.3.1/quicklogic-arch-defs/share/techmaps/quicklogic/pp3/techmap/cells_map.v' to AST representation.
Generating RTLIL representation for module `\logic_0'.
Generating RTLIL representation for module `\logic_1'.
Generating RTLIL representation for module `\inpad'.
Generating RTLIL representation for module `\outpad'.
Generating RTLIL representation for module `\bipad'.
Generating RTLIL representation for module `\ckpad'.
Generating RTLIL representation for module `\qhsckibuff'.
Generating RTLIL representation for module `\qhsckbuff'.
Generating RTLIL representation for module `\gclkbuff'.
Generating RTLIL representation for module `\logic_cell_macro'.
Generating RTLIL representation for module `\inv'.
Generating RTLIL representation for module `\mux2x0'.
Generating RTLIL representation for module `\mux4x0'.
Generating RTLIL representation for module `\mux8x0'.
Generating RTLIL representation for module `\LUT1'.
Generating RTLIL representation for module `\LUT2'.
Generating RTLIL representation for module `\LUT3'.
Generating RTLIL representation for module `\LUT4'.
Generating RTLIL representation for module `\dff'.
Generating RTLIL representation for module `\dffc'.
Generating RTLIL representation for module `\dffp'.
Generating RTLIL representation for module `\dffpc'.
Generating RTLIL representation for module `\dffe'.
Generating RTLIL representation for module `\dffec'.
Generating RTLIL representation for module `\dffepc'.
Generating RTLIL representation for module `\dffsc'.
Generating RTLIL representation for module `\qlal4s3b_cell_macro'.
Generating RTLIL representation for module `\qlal4s3_mult_32x32_cell'.
Generating RTLIL representation for module `\qlal4s3_mult_16x16_cell'.
Generating RTLIL representation for module `\qlal4s3_mult_cell_macro'.
Successfully finished Verilog frontend.

8.2. Continuing TECHMAP pass.
Using template qlal4s3b_cell_macro for cells of type qlal4s3b_cell_macro.
Using template $paramod$e7e37961662412d7dd1961919c60cc96c5b16f01\LUT2 for cells of type LUT2.
Using template dff for cells of type dff.
Using template $paramod$8ec3083c78151c28b65d6aa206d62ef0216666fd\LUT3 for cells of type LUT3.
Using template $paramod$86fc6f3441a6779c63af6935d48b3ebd1c0460a9\LUT3 for cells of type LUT3.
Using template $paramod$08b61d33fc5053edb3ff48cc7932a6bed21127f8\LUT3 for cells of type LUT3.
Using template $paramod$4a30532bc133c2eb9cd5f67b9a7151b65f5b78fc\LUT3 for cells of type LUT3.
Using template $paramod$0bac8de66bcfb448c202f31a4c603d45054ce4da\LUT4 for cells of type LUT4.
Using template $paramod$ebab70a5830b6a9f5483ac0ce1c2f41b14b4eddd\LUT3 for cells of type LUT3.
Using template $paramod$ef89328d7363dd7125c1eba8428f7d9cbe4f3212\LUT2 for cells of type LUT2.
Using template $paramod$bf21fee4b6975de7353dd955d4b3a8eef751c7c5\LUT2 for cells of type LUT2.
Using template $paramod$effdcfc01bda4dbdfcb4c8c3f2f7837ae0cbd331\LUT4 for cells of type LUT4.
Using template $paramod$0dee8c45763e54f30353b4988d9129c450b64183\LUT3 for cells of type LUT3.
Using template $paramod\LUT1\INIT=1'1\EQN=675885097 for cells of type LUT1.
Using template dffe for cells of type dffe.
Using template $paramod$c3282e3eab8c3eb4c8b0da8a0e74df208804655b\outpad for cells of type outpad.
Using template $paramod$ef1a7edb200c1b1534825302234a1d0bce5a3341\outpad for cells of type outpad.
Using template $paramod$5b9e7b43709c63157e375124a8cadf61254db805\outpad for cells of type outpad.
No more expansions possible.

9. Executing TECHMAP pass (map to technology primitives).

9.1. Executing Verilog-2005 frontend: /home/rahul/qorc-sdk/fpga_toolchain_install/v1.3.1/quicklogic-arch-defs/bin/../share/arch/ql-eos-s3_wlcsp/cells/ram_map.v
Parsing Verilog input from `/home/rahul/qorc-sdk/fpga_toolchain_install/v1.3.1/quicklogic-arch-defs/bin/../share/arch/ql-eos-s3_wlcsp/cells/ram_map.v' to AST representation.
Generating RTLIL representation for module `\ram8k_2x1_cell_macro'.
Successfully finished Verilog frontend.

9.2. Continuing TECHMAP pass.
No more expansions possible.

10. Executing OPT_EXPR pass (perform const folding).
Optimizing module helloworldfpga.

11. Executing OPT_CLEAN pass (remove unused cells and wires).
Finding unused cells or wires in module \helloworldfpga..
Removed 0 unused cells and 126 unused wires.

12. Executing SETUNDEF pass (replace undef values with defined constants).

13. Printing statistics.

=== helloworldfpga ===

   Number of wires:                688
   Number of wire bits:            805
   Number of public wires:         665
   Number of public wire bits:     665
   Number of memories:               0
   Number of memory bits:            0
   Number of processes:              0
   Number of cells:                 85
     ASSP                            1
     BIDIR_CELL                      3
     C_FRAG                          6
     F_FRAG                          1
     Q_FRAG                         25
     T_FRAG                         49

14. Executing JSON backend.

15. Executing Verilog backend.
Dumping module `\helloworldfpga'.

Warnings: 12 unique messages, 15 total
End of script. Logfile hash: 1af2f744e0, CPU: user 5.32s system 0.13s, MEM: 265.36 MB peak
Yosys 0.9+2406 (git sha1 9ac3484, x86_64-conda_cos6-linux-gnu-gcc 1.24.0.133_b0863d8_dirty -fvisibility-inlines-hidden -fmessage-length=0 -march=nocona -mtune=haswell -ftree-vectorize -fPIC -fstack-protector-strong -fno-plt -O2 -ffunction-sections -fdebug-prefix-map=/root/anaconda3/conda-bld/yosys_1607410735049/work=/usr/local/src/conda/yosys-0.8.0_0003_e80fb742f_20201208_122808 -fdebug-prefix-map=/home/rahul/qorc-sdk/fpga_toolchain_install/v1.3.1/conda=/usr/local/src/conda-prefix -fPIC -Os)
Time spent: 71% 18x read_verilog (3 sec), 7% 2x write_json (0 sec), ...
