VPR FPGA Placement and Routing.
Version: 8.1.0-dev+dadca7ecf
Revision: v8.0.0-rc2-2894-gdadca7ecf
Compiled: 2020-10-14T15:08:54
Compiler: GNU 7.3.0 on Linux-4.15.0-1028-gcp x86_64
Build Info: Release IPO VTR_ASSERT_LEVEL=2

University of Toronto
verilogtorouting.org
vtr-users@googlegroups.com
This is free open source code under MIT license.

VPR was run with the following command-line:
vpr /home/rahul/qorc-sdk/fpga_toolchain_install/v1.3.1/quicklogic-arch-defs/share/arch/ql-eos-s3_wlcsp/arch.timing.xml helloworldfpga.eblif --device ql-eos-s3 --max_router_iterations 500 --routing_failure_predictor off --router_high_fanout_threshold -1 --constant_net_method route --route_chan_width 100 --clock_modeling route --place_delay_model delta_override --router_lookahead map --check_route quick --strict_checks off --allow_dangling_combinational_nodes on --disable_errors check_unbuffered_edges:check_route --congested_routing_iteration_threshold 0.8 --incremental_reroute_delay_ripup off --base_cost_type delay_normalized_length_bounded --bb_factor 10 --initial_pres_fac 4.0 --check_rr_graph off --suppress_warnings ,sum_pin_class:check_unbuffered_edges:load_rr_indexed_data_T_values:check_rr_node:trans_per_R:check_route:set_rr_graph_tool_comment:warn_model_missing_timing --read_rr_graph /home/rahul/qorc-sdk/fpga_toolchain_install/v1.3.1/quicklogic-arch-defs/share/arch/ql-eos-s3_wlcsp/rr_graph_ql-eos-s3_wlcsp.rr_graph.real.bin --read_placement_delay_lookup /home/rahul/qorc-sdk/fpga_toolchain_install/v1.3.1/quicklogic-arch-defs/share/arch/ql-eos-s3_wlcsp/rr_graph_ql-eos-s3_wlcsp.place_delay.bin --sdc_file /home/rahul/qorc-sdk/qorc-testapps/qf_helloworldfpga/fpga/rtl/build/helloworldfpga_dummy.sdc --route

Using up to 1 parallel worker(s)

Architecture file: /home/rahul/qorc-sdk/fpga_toolchain_install/v1.3.1/quicklogic-arch-defs/share/arch/ql-eos-s3_wlcsp/arch.timing.xml
Circuit name: helloworldfpga

# Loading Architecture Description
# Loading Architecture Description took 1.14 seconds (max_rss 30.9 MiB, delta_rss +24.9 MiB)
# Building complex block graph
# Building complex block graph took 0.21 seconds (max_rss 39.5 MiB, delta_rss +8.6 MiB)
# Load circuit
# Load circuit took 0.02 seconds (max_rss 40.4 MiB, delta_rss +0.9 MiB)
# Clean circuit
Absorbed 580 LUT buffers
Inferred  106 additional primitive pins as constant generators since they have no combinationally connected inputs
Inferred   37 additional primitive pins as constant generators due to constant inputs
Inferred    0 additional primitive pins as constant generators since they have no combinationally connected inputs
Inferred    0 additional primitive pins as constant generators due to constant inputs
Inferred    0 additional primitive pins as constant generators since they have no combinationally connected inputs
Inferred    0 additional primitive pins as constant generators due to constant inputs
Swept input(s)      : 0
Swept output(s)     : 0 (0 dangling, 0 constant)
Swept net(s)        : 141
Swept block(s)      : 1
Constant Pins Marked: 143
# Clean circuit took 0.01 seconds (max_rss 40.7 MiB, delta_rss +0.3 MiB)
# Compress circuit
# Compress circuit took 0.00 seconds (max_rss 40.7 MiB, delta_rss +0.0 MiB)
# Verify circuit
# Verify circuit took 0.00 seconds (max_rss 40.7 MiB, delta_rss +0.0 MiB)
Circuit Statistics:
  Blocks: 90
    .output   :       3
    ASSP      :       1
    BIDIR_CELL:       3
    C_FRAG    :       6
    F_FRAG    :       1
    GND       :       1
    Q_FRAG    :      25
    T_FRAG    :      49
    VCC       :       1
  Nets  : 87
    Avg Fanout:     8.9
    Max Fanout:   388.0
    Min Fanout:     1.0
  Netlist Clocks: 1
# Build Timing Graph
  Timing Graph Nodes: 859
  Timing Graph Edges: 1327
  Timing Graph Levels: 16
# Build Timing Graph took 0.00 seconds (max_rss 40.7 MiB, delta_rss +0.0 MiB)
Netlist contains 1 clocks
  Netlist Clock 'clk' Fanout: 25 pins (2.9%), 25 blocks (27.8%)
# Load Timing Constraints

SDC file '/home/rahul/qorc-sdk/qorc-testapps/qf_helloworldfpga/fpga/rtl/build/helloworldfpga_dummy.sdc' contained no SDC commands
Setting default timing constraints:
   * constrain all primay inputs and primary outputs on netlist clock 'clk'
   * optimize netlist clock to run as fast as possible
Timing constraints created 1 clocks
  Constrained Clock 'clk' Source: 'u_qlal4s3b_cell_macro.Sys_Clk0[0]'

# Load Timing Constraints took 0.00 seconds (max_rss 40.7 MiB, delta_rss +0.0 MiB)
Timing analysis: ON
Circuit netlist file: helloworldfpga.net
Circuit placement file: helloworldfpga.place
Circuit routing file: helloworldfpga.route
Circuit SDC file: /home/rahul/qorc-sdk/qorc-testapps/qf_helloworldfpga/fpga/rtl/build/helloworldfpga_dummy.sdc

Packer: ENABLED
Placer: ENABLED
Router: ENABLED
Analysis: ENABLED

NetlistOpts.abosrb_buffer_luts            : true
NetlistOpts.sweep_dangling_primary_ios    : true
NetlistOpts.sweep_dangling_nets           : true
NetlistOpts.sweep_dangling_blocks         : true
NetlistOpts.sweep_constant_primary_outputs: false
NetlistOpts.netlist_verbosity             : 1
NetlistOpts.const_gen_inference           : COMB_SEQ

PackerOpts.allow_unrelated_clustering: auto
PackerOpts.alpha_clustering: 0.750000
PackerOpts.beta_clustering: 0.900000
PackerOpts.cluster_seed_type: BLEND2
PackerOpts.connection_driven: true
PackerOpts.global_clocks: true
PackerOpts.hill_climbing_flag: false
PackerOpts.inter_cluster_net_delay: 1.000000
PackerOpts.timing_driven: true
PackerOpts.target_external_pin_util: auto

PlacerOpts.place_freq: PLACE_ONCE
PlacerOpts.place_algorithm: CRITICALITY_TIMING_PLACE
PlacerOpts.pad_loc_type: FREE
PlacerOpts.constraints_file: No constraints file given
PlacerOpts.place_cost_exp: 1.000000
PlacerOpts.place_chan_width: 100
PlacerOpts.inner_loop_recompute_divider: 0
PlacerOpts.recompute_crit_iter: 1
PlacerOpts.timing_tradeoff: 0.500000
PlacerOpts.td_place_exp_first: 1.000000
PlacerOpts.td_place_exp_last: 8.000000
PlacerOpts.delay_offset: 0.000000
PlacerOpts.delay_ramp_delta_threshold: -1
PlacerOpts.delay_ramp_slope: 0.000000
PlacerOpts.tsu_rel_margin: 1.000000
PlacerOpts.tsu_abs_margin: 0.000000
PlacerOpts.post_place_timing_report_file: 
PlacerOpts.allowed_tiles_for_delay_model: 
PlacerOpts.delay_model_reducer: MIN
PlacerOpts.delay_model_type: DELTA_OVERRIDE
PlacerOpts.rlim_escape_fraction: 0.000000
PlacerOpts.move_stats_file: 
PlacerOpts.placement_saves_per_temperature: 0
PlacerOpts.effort_scaling: CIRCUIT
PlacerOpts.place_delta_delay_matrix_calculation_method: ASTAR_ROUTE
PlaceOpts.seed: 1
AnnealSched.type: AUTO_SCHED
AnnealSched.inner_num: 1.000000

RouterOpts.route_type: DETAILED
RouterOpts.router_algorithm: TIMING_DRIVEN
RouterOpts.base_cost_type: DELAY_NORMALIZED_LENGTH_BOUNDED
RouterOpts.fixed_channel_width: 100
RouterOpts.check_route: QUICK
RouterOpts.trim_empty_chan: false
RouterOpts.trim_obs_chan: false
RouterOpts.acc_fac: 1.000000
RouterOpts.bb_factor: 10
RouterOpts.bend_cost: 0.000000
RouterOpts.first_iter_pres_fac: 0.000000
RouterOpts.initial_pres_fac: 4.000000
RouterOpts.pres_fac_mult: 1.300000
RouterOpts.max_router_iterations: 500
RouterOpts.min_incremental_reroute_fanout: 16
RouterOpts.do_check_rr_graph: false
RouterOpts.verify_binary_search: false
RouterOpts.min_channel_width_hint: 0
RouterOpts.read_rr_edge_metadata: false
RouterOpts.exit_after_first_routing_iteration: false
RouterOpts.astar_fac: 1.200000
RouterOpts.criticality_exp: 1.000000
RouterOpts.max_criticality: 0.990000
RouterOpts.init_wirelength_abort_threshold: 0.850000
RouterOpts.save_routing_per_iteration: false
RouterOpts.congested_routing_iteration_threshold_frac: 0.800000
RouterOpts.high_fanout_threshold: -1
RouterOpts.router_debug_net: -2
RouterOpts.router_debug_sink_rr: -2
RouterOpts.router_debug_iteration: -2
RouterOpts.max_convergence_count: 1
RouterOpts.reconvergence_cpd_threshold: 0.990000
RouterOpts.update_lower_bound_delays: true
RouterOpts.first_iteration_timing_report_file: 
RouterOpts.incr_reroute_delay_ripup: OFF
RouterOpts.route_bb_update: DYNAMIC
RouterOpts.lookahead_type: MAP
RouterOpts.initial_timing: LOOKAHEAD
RouterOpts.router_heap: BINARY_HEAP
RouterOpts.routing_failure_predictor = OFF
RouterOpts.routing_budgets_algorithm = DISABLE

AnalysisOpts.gen_post_synthesis_netlist: false
AnalysisOpts.timing_report_npaths: 100
AnalysisOpts.timing_report_skew: false
AnalysisOpts.echo_dot_timing_graph_node: -1
AnalysisOpts.timing_report_detail: NETLIST

RoutingArch.directionality: BI_DIRECTIONAL
RoutingArch.switch_block_type: WILTON
RoutingArch.Fs: 3

# Load Packing
Begin loading packed FPGA netlist file.
Netlist generated from file 'helloworldfpga.net'.
Detected 2 constant generators (to see names run with higher pack verbosity)
Finished loading packed FPGA netlist file (took 0.063137 seconds).
# Load Packing took 0.06 seconds (max_rss 41.8 MiB, delta_rss +1.1 MiB)
Warning 1: Netlist contains 0 global net to non-global architecture pin connections
Warning 2: Logic block #35 ($false) has only 1 output pin '$false.GND0_GND[0]'. It may be a constant generator.
Warning 3: Logic block #36 ($true) has only 1 output pin '$true.VCC0_VCC[0]'. It may be a constant generator.

Netlist num_nets: 60
Netlist num_blocks: 37
Netlist EMPTY blocks: 0.
Netlist PB-SYN_GND blocks: 1.
Netlist PB-BIDIR blocks: 3.
Netlist PB-ASSP blocks: 1.
Netlist PB-LOGIC blocks: 31.
Netlist PB-SDIOMUX blocks: 0.
Netlist PB-MULT blocks: 0.
Netlist PB-GMUX blocks: 0.
Netlist PB-CLOCK blocks: 0.
Netlist PB-RAM blocks: 0.
Netlist PB-SYN_VCC blocks: 1.
Netlist inputs pins: 0
Netlist output pins: 9


Pb types usage...
  PB-SYN_GND        : 1
   GND              : 1
  PB-BIDIR          : 3
   BIDIR            : 3
    OUTPUT          : 3
     bidir          : 3
     outpad         : 3
  PB-ASSP           : 1
   ASSP             : 1
  PB-LOGIC          : 31
   LOGIC            : 31
    FRAGS           : 31
     c_frag_modes   : 31
      SINGLE        : 6
       c_frag       : 6
      SPLIT         : 25
       b_frag       : 25
       t_frag       : 24
     f_frag         : 1
     q_frag_modes   : 25
      INT           : 24
       q_frag       : 24
      EXT           : 1
       q_frag       : 1
  PB-SYN_VCC        : 1
   VCC              : 1

# Create Device
## Build Device Grid
FPGA sized to 39 x 35: 1365 grid tiles (ql-eos-s3)

Resource usage...
	Netlist
		1	blocks of type: PB-SYN_GND
	Architecture
		1	blocks of type: TL-SYN_GND
	Netlist
		3	blocks of type: PB-BIDIR
	Architecture
		32	blocks of type: TL-BIDIR
	Netlist
		1	blocks of type: PB-ASSP
	Architecture
		1	blocks of type: TL-ASSP
	Netlist
		31	blocks of type: PB-LOGIC
	Architecture
		891	blocks of type: TL-LOGIC
	Netlist
		0	blocks of type: PB-SDIOMUX
	Architecture
		14	blocks of type: TL-SDIOMUX
	Netlist
		0	blocks of type: PB-MULT
	Architecture
		2	blocks of type: TL-MULT
	Netlist
		0	blocks of type: PB-GMUX
	Architecture
		5	blocks of type: TL-GMUX
	Netlist
		0	blocks of type: PB-CLOCK
	Architecture
		5	blocks of type: TL-CLOCK
	Netlist
		0	blocks of type: PB-RAM
	Architecture
		4	blocks of type: TL-RAM
	Netlist
		1	blocks of type: PB-SYN_VCC
	Architecture
		1	blocks of type: TL-SYN_VCC

Device Utilization: 0.03 (target 1.00)
	Physical Tile TL-LOGIC:
	Block Utilization: 0.03 Logical Block: PB-LOGIC
	Physical Tile TL-RAM:
	Block Utilization: 0.00 Logical Block: PB-RAM
	Physical Tile TL-MULT:
	Block Utilization: 0.00 Logical Block: PB-MULT
	Physical Tile TL-BIDIR:
	Block Utilization: 0.09 Logical Block: PB-BIDIR
	Physical Tile TL-CLOCK:
	Block Utilization: 0.00 Logical Block: PB-CLOCK
	Physical Tile TL-SDIOMUX:
	Block Utilization: 0.00 Logical Block: PB-SDIOMUX
	Physical Tile TL-GMUX:
	Block Utilization: 0.00 Logical Block: PB-GMUX
	Physical Tile TL-ASSP:
	Block Utilization: 1.00 Logical Block: PB-ASSP
	Physical Tile TL-SYN_VCC:
	Block Utilization: 1.00 Logical Block: PB-SYN_VCC
	Physical Tile TL-SYN_GND:
	Block Utilization: 1.00 Logical Block: PB-SYN_GND

## Build Device Grid took 0.02 seconds (max_rss 41.9 MiB, delta_rss +0.0 MiB)
## Loading routing resource graph


## Loading routing resource graph took 1.46 seconds (max_rss 350.3 MiB, delta_rss +308.4 MiB)
  RR Graph Nodes: 1396446
  RR Graph Edges: 2337988
# Create Device took 2.77 seconds (max_rss 350.3 MiB, delta_rss +308.4 MiB)

# Load Placement
Reading helloworldfpga.place.

Successfully read helloworldfpga.place.

# Load Placement took 0.00 seconds (max_rss 350.3 MiB, delta_rss +0.0 MiB)

# Computing router lookahead map
## Computing wire lookahead
Warning 4: Unable to find any sample location for segment CHANX type 'generic' (length 1)
Warning 5: Unable to find any sample location for segment CHANY type 'generic' (length 1)
Warning 6: Unable to find any sample location for segment CHANX type 'pad' (length 1)
Warning 7: Unable to find any sample location for segment CHANY type 'pad' (length 1)
## Computing wire lookahead took 38.81 seconds (max_rss 350.3 MiB, delta_rss +0.0 MiB)
## Computing src/opin lookahead
## Computing src/opin lookahead took 0.00 seconds (max_rss 350.3 MiB, delta_rss +0.0 MiB)
# Computing router lookahead map took 38.81 seconds (max_rss 350.3 MiB, delta_rss +0.0 MiB)
# Routing
  RR Graph Nodes: 1396446
  RR Graph Edges: 2337988
Confirming router algorithm: TIMING_DRIVEN.
## Initializing router criticalities
Initial Net Connection Criticality Histogram:
[        0:      0.1) 520 ( 72.1%) |***********************************************
[      0.1:      0.2)   0 (  0.0%) |
[      0.2:      0.3)   0 (  0.0%) |
[      0.3:      0.4)  66 (  9.2%) |******
[      0.4:      0.5)  16 (  2.2%) |*
[      0.5:      0.6)  12 (  1.7%) |*
[      0.6:      0.7)  27 (  3.7%) |**
[      0.7:      0.8)  31 (  4.3%) |***
[      0.8:      0.9)  32 (  4.4%) |***
[      0.9:        1)  17 (  2.4%) |**
## Initializing router criticalities took 0.00 seconds (max_rss 350.3 MiB, delta_rss +0.0 MiB)
---- ------ ------- ---- ------- ------- ------- ----------------- --------------- -------- ---------- ---------- ---------- ---------- --------
Iter   Time    pres  BBs    Heap  Re-Rtd  Re-Rtd Overused RR Nodes      Wirelength      CPD       sTNS       sWNS       hTNS       hWNS Est Succ
      (sec)     fac Updt    push    Nets   Conns                                       (ns)       (ns)       (ns)       (ns)       (ns)     Iter
---- ------ ------- ---- ------- ------- ------- ----------------- --------------- -------- ---------- ---------- ---------- ---------- --------
   1   11.7     0.0    0 2.5e+07      60     721     776 ( 0.056%)   17510 ( 1.2%)   36.341     -672.8    -36.341      0.000      0.000      N/A
   2    9.2     4.0    0 1.8e+07      50     404     344 ( 0.025%)   17997 ( 1.3%)   36.267     -674.5    -36.267      0.000      0.000      N/A
   3    7.9     5.2    0 1.6e+07      40     278     231 ( 0.017%)   18010 ( 1.3%)   36.348     -678.5    -36.348      0.000      0.000      N/A
   4    4.4     6.8    0 8913265      34     210     116 ( 0.008%)   18032 ( 1.3%)   36.348     -680.0    -36.348      0.000      0.000      N/A
   5    2.1     8.8    0 4462812      26     156     104 ( 0.007%)   18066 ( 1.3%)   36.377     -681.8    -36.377      0.000      0.000      N/A
   6    2.6    11.4    0 5551077      22     136      74 ( 0.005%)   18338 ( 1.3%)   36.417     -683.7    -36.417      0.000      0.000      N/A
   7    2.8    14.9    0 5851247      13      79      48 ( 0.003%)   18462 ( 1.3%)   36.417     -684.8    -36.417      0.000      0.000      N/A
   8    2.1    19.3    0 4529207       8      45      21 ( 0.002%)   18547 ( 1.3%)   36.417     -686.7    -36.417      0.000      0.000      N/A
   9    0.5    25.1    0 1063422       2      11       6 ( 0.000%)   18538 ( 1.3%)   36.417     -686.7    -36.417      0.000      0.000      N/A
  10    0.1    32.6    0   82958       1       3       0 ( 0.000%)   18542 ( 1.3%)   36.417     -686.7    -36.417      0.000      0.000       12
Restoring best routing
Critical path: 36.4166 ns
Successfully routed after 10 routing iterations.
Final Net Connection Criticality Histogram:
[        0:      0.1) 520 ( 72.1%) |***********************************************
[      0.1:      0.2)   0 (  0.0%) |
[      0.2:      0.3)   0 (  0.0%) |
[      0.3:      0.4)   0 (  0.0%) |
[      0.4:      0.5)  65 (  9.0%) |******
[      0.5:      0.6)  17 (  2.4%) |**
[      0.6:      0.7)  16 (  2.2%) |*
[      0.7:      0.8)  24 (  3.3%) |**
[      0.8:      0.9)  35 (  4.9%) |***
[      0.9:        1)  44 (  6.1%) |****
Router Stats: total_nets_routed: 256 total_connections_routed: 2043 total_heap_pushes: 88832984 total_heap_pops: 79356300
# Routing took 44.79 seconds (max_rss 350.3 MiB, delta_rss +0.0 MiB)

Checking to ensure routing is legal...
Completed routing consistency check successfully.

Serial number (magic cookie) for the routing is: -707275538
Circuit successfully routed with a channel width factor of 100.

Incr Slack updates 11 in 0.000451 sec
Full Max Req/Worst Slack updates 2 in 1.6308e-05 sec
Incr Max Req/Worst Slack updates 9 in 0.000108476 sec
Incr Criticality updates 5 in 0.000238813 sec
Full Criticality updates 6 in 0.000395786 sec

Average number of bends per net: 248.517  Maximum # of bends: 4729

Number of global nets: 0
Number of routed nets (nonglobal): 60
Wire length results (in units of 1 clb segments)...
	Total wirelength: 17882, average net length: 298.033
	Maximum net length: 6742

Wire length results in terms of physical segments...
	Total wiring segments used: 15541, average wire segments per net: 259.017
	Maximum segments used by a net: 5025
	Total local nets with reserved CLB opins: 0

Routing channel utilization histogram:
[        1:      inf)    0 (  0.0%) |
[      0.9:        1)   62 (  2.4%) |*
[      0.8:      0.9)    0 (  0.0%) |
[      0.7:      0.8)    6 (  0.2%) |
[      0.5:      0.6)    0 (  0.0%) |
[      0.4:      0.5)    0 (  0.0%) |
[      0.3:      0.4)    0 (  0.0%) |
[      0.2:      0.3)   50 (  1.9%) |*
[      0.1:      0.2)   38 (  1.5%) |*
[        0:      0.1) 2428 ( 94.0%) |**********************************************
Maximum routing channel utilization:         1 at (1,3)

X - Directed channels:   j max occ ave occ capacity
                      ---- ------- ------- --------
                         0       2   1.436        2
                         1     161  10.026      221
                         2       0   0.000        0
                         3      83  15.795      635
                         4      70   2.846      623
                         5      70   2.154      658
                         6      76   2.205      623
                         7      66   1.692      623
                         8      28   1.846      623
                         9       8   0.564      623
                        10      15   1.231      665
                        11      57   1.923      623
                        12      76   2.692      647
                        13      66   2.256      623
                        14      66   3.821      623
                        15     148   6.513      623
                        16     177  18.359      623
                        17     207  35.026      623
                        18     205  35.179      725
                        19     189  21.026      623
                        20     228  27.692      623
                        21     192  17.744      623
                        22     164   5.308      623
                        23       9   0.436      623
                        24       7   0.179      623
                        25       0   0.000      657
                        26      10   0.256      634
                        27       0   0.000      623
                        28       0   0.000      623
                        29       0   0.000      624
                        30       7   0.179      625
                        31       0   0.000      626
                        32      37   2.410      786
                        33       0   0.000      269
Y - Directed channels:   i max occ ave occ capacity
                      ---- ------- ------- --------
                         0       0   0.000        2
                         1      47   4.057      287
                         2       1   0.029        4
                         3     179  53.543      848
                         4      36   2.057      874
                         5      46   1.971      819
                         6      23   3.971      760
                         7      46   3.771      761
                         8       6   0.771      761
                         9      46   5.000      761
                        10      12   2.657      757
                        11       6   1.143      775
                        12      31   3.571      757
                        13      41   2.086      761
                        14      16   1.886      761
                        15     165  12.429      761
                        16     161  13.886      761
                        17     175  12.914      761
                        18     197  23.200      761
                        19     222  23.886      816
                        20     212  32.514      761
                        21     182  17.914      883
                        22     193  22.886      761
                        23     158  13.657      761
                        24      29   2.600      761
                        25       0   0.000      761
                        26       0   0.000      757
                        27       0   0.000      775
                        28       0   0.000      757
                        29       0   0.000      761
                        30      25   2.486      761
                        31       0   0.000      761
                        32       0   0.000      761
                        33       0   0.000      763
                        34       0   0.000      762
                        35       0   0.000      764
                        36       0   0.000     1024
                        37       0   0.000      164

Total tracks in x-direction: 19611, in y-direction: 27046

Logic area (in minimum width transistor areas, excludes I/Os and empty grid tiles)...
	Total logic block area (Warning, need to add pitch of routing to blocks with height > 3): 1.3515e+07
	Total used logic block area: 510000

Routing area (in minimum width transistor areas)...
	Assuming no buffer sharing (pessimistic). Total: 1.07847e+09, per logic tile: 790090.
	Assuming buffer sharing (slightly optimistic). Total: 8.38760e+08, per logic tile: 614476.


Segment usage by type (index):    name type utilization
                               ------- ---- -----------
                                  sbox    2     0.00978
                                   vcc    3       0.105
                                   gnd    4       0.115
                                  hop1    5        0.01
                                  hop2    6      0.0212
                                  hop3    7           0
                                  hop4    8     0.00899
                                 clock    9           0
                               special   10      0.0828

Segment usage by length: length utilization
                         ------ -----------
                              1      0.0104
                              2      0.0212
                              3           0
                              4     0.00899


Final hold Worst Negative Slack (hWNS): 0 ns
Final hold Total Negative Slack (hTNS): 0 ns

Final hold slack histogram:
[  4.2e-09:  7.1e-09) 23 ( 85.2%) |************************************************
[  7.1e-09:    1e-08)  1 (  3.7%) |**
[    1e-08:  1.3e-08)  1 (  3.7%) |**
[  1.3e-08:  1.6e-08)  1 (  3.7%) |**
[  1.6e-08:  1.9e-08)  0 (  0.0%) |
[  1.9e-08:  2.2e-08)  0 (  0.0%) |
[  2.2e-08:  2.4e-08)  0 (  0.0%) |
[  2.4e-08:  2.7e-08)  0 (  0.0%) |
[  2.7e-08:    3e-08)  0 (  0.0%) |
[    3e-08:  3.3e-08)  1 (  3.7%) |**

Final critical path delay (least slack): 36.4507 ns, Fmax: 27.4343 MHz
Final setup Worst Negative Slack (sWNS): -36.4507 ns
Final setup Total Negative Slack (sTNS): -686.666 ns

Final setup slack histogram:
[ -3.6e-08: -3.3e-08) 4 ( 14.8%) |*************************
[ -3.3e-08:   -3e-08) 8 ( 29.6%) |*************************************************
[   -3e-08: -2.7e-08) 4 ( 14.8%) |*************************
[ -2.7e-08: -2.4e-08) 2 (  7.4%) |************
[ -2.4e-08: -2.1e-08) 1 (  3.7%) |******
[ -2.1e-08: -1.8e-08) 1 (  3.7%) |******
[ -1.8e-08: -1.5e-08) 2 (  7.4%) |************
[ -1.5e-08: -1.2e-08) 0 (  0.0%) |
[ -1.2e-08: -9.5e-09) 3 ( 11.1%) |******************
[ -9.5e-09: -6.5e-09) 2 (  7.4%) |************

Final geomean non-virtual intra-domain period: 36.4507 ns (27.4343 MHz)
Final fanout-weighted geomean non-virtual intra-domain period: 36.4507 ns (27.4343 MHz)

Incr Slack updates 1 in 5.3826e-05 sec
Full Max Req/Worst Slack updates 1 in 7.946e-06 sec
Incr Max Req/Worst Slack updates 0 in 0 sec
Incr Criticality updates 0 in 0 sec
Full Criticality updates 1 in 7.1644e-05 sec
Flow timing analysis took 0.0166064 seconds (0.0144844 STA, 0.00212203 slack) (12 full updates: 0 setup, 0 hold, 12 combined).
VPR succeeded
The entire flow of VPR took 88.07 seconds (max_rss 350.3 MiB)
