VPR FPGA Placement and Routing.
Version: 8.1.0-dev+dadca7ecf
Revision: v8.0.0-rc2-2894-gdadca7ecf
Compiled: 2020-10-14T15:08:54
Compiler: GNU 7.3.0 on Linux-4.15.0-1028-gcp x86_64
Build Info: Release IPO VTR_ASSERT_LEVEL=2

University of Toronto
verilogtorouting.org
vtr-users@googlegroups.com
This is free open source code under MIT license.

VPR was run with the following command-line:
vpr /home/rahul/qorc-sdk/fpga_toolchain_install/v1.3.1/quicklogic-arch-defs/share/arch/ql-eos-s3_wlcsp/arch.timing.xml dec1.eblif --device ql-eos-s3 --max_router_iterations 500 --routing_failure_predictor off --router_high_fanout_threshold -1 --constant_net_method route --route_chan_width 100 --clock_modeling route --place_delay_model delta_override --router_lookahead map --check_route quick --strict_checks off --allow_dangling_combinational_nodes on --disable_errors check_unbuffered_edges:check_route --congested_routing_iteration_threshold 0.8 --incremental_reroute_delay_ripup off --base_cost_type delay_normalized_length_bounded --bb_factor 10 --initial_pres_fac 4.0 --check_rr_graph off --suppress_warnings ,sum_pin_class:check_unbuffered_edges:load_rr_indexed_data_T_values:check_rr_node:trans_per_R:check_route:set_rr_graph_tool_comment:warn_model_missing_timing --read_rr_graph /home/rahul/qorc-sdk/fpga_toolchain_install/v1.3.1/quicklogic-arch-defs/share/arch/ql-eos-s3_wlcsp/rr_graph_ql-eos-s3_wlcsp.rr_graph.real.bin --read_placement_delay_lookup /home/rahul/qorc-sdk/fpga_toolchain_install/v1.3.1/quicklogic-arch-defs/share/arch/ql-eos-s3_wlcsp/rr_graph_ql-eos-s3_wlcsp.place_delay.bin --sdc_file /home/rahul/qorc-sdk/qorc-testapps/qf_helloworldfpga/decoders/build/dec1_dummy.sdc --fix_clusters dec1_constraints.place --place

Using up to 1 parallel worker(s)

Architecture file: /home/rahul/qorc-sdk/fpga_toolchain_install/v1.3.1/quicklogic-arch-defs/share/arch/ql-eos-s3_wlcsp/arch.timing.xml
Circuit name: dec1

# Loading Architecture Description
# Loading Architecture Description took 1.08 seconds (max_rss 31.0 MiB, delta_rss +25.0 MiB)
# Building complex block graph
# Building complex block graph took 0.21 seconds (max_rss 39.6 MiB, delta_rss +8.6 MiB)
# Load circuit
# Load circuit took 0.03 seconds (max_rss 41.0 MiB, delta_rss +1.4 MiB)
# Clean circuit
Absorbed 893 LUT buffers
Inferred  106 additional primitive pins as constant generators since they have no combinationally connected inputs
Inferred   42 additional primitive pins as constant generators due to constant inputs
Inferred    0 additional primitive pins as constant generators since they have no combinationally connected inputs
Inferred    0 additional primitive pins as constant generators due to constant inputs
Inferred    0 additional primitive pins as constant generators since they have no combinationally connected inputs
Inferred    0 additional primitive pins as constant generators due to constant inputs
Swept input(s)      : 0
Swept output(s)     : 0 (0 dangling, 0 constant)
Swept net(s)        : 141
Swept block(s)      : 1
Constant Pins Marked: 148
# Clean circuit took 0.02 seconds (max_rss 42.3 MiB, delta_rss +1.3 MiB)
# Compress circuit
# Compress circuit took 0.00 seconds (max_rss 42.3 MiB, delta_rss +0.0 MiB)
# Verify circuit
# Verify circuit took 0.00 seconds (max_rss 42.3 MiB, delta_rss +0.0 MiB)
Circuit Statistics:
  Blocks: 137
    .output   :       7
    ASSP      :       1
    BIDIR_CELL:       7
    C_FRAG    :      17
    GND       :       1
    Q_FRAG    :      42
    T_FRAG    :      61
    VCC       :       1
  Nets  : 130
    Avg Fanout:     8.7
    Max Fanout:   517.0
    Min Fanout:     1.0
  Netlist Clocks: 1
# Build Timing Graph
  Timing Graph Nodes: 1261
  Timing Graph Edges: 2003
  Timing Graph Levels: 22
# Build Timing Graph took 0.00 seconds (max_rss 42.3 MiB, delta_rss +0.0 MiB)
Netlist contains 1 clocks
  Netlist Clock 'clk' Fanout: 42 pins (3.3%), 42 blocks (30.7%)
# Load Timing Constraints

SDC file '/home/rahul/qorc-sdk/qorc-testapps/qf_helloworldfpga/decoders/build/dec1_dummy.sdc' contained no SDC commands
Setting default timing constraints:
   * constrain all primay inputs and primary outputs on netlist clock 'clk'
   * optimize netlist clock to run as fast as possible
Timing constraints created 1 clocks
  Constrained Clock 'clk' Source: 'u_qlal4s3b_cell_macro.Sys_Clk0[0]'

# Load Timing Constraints took 0.00 seconds (max_rss 42.3 MiB, delta_rss +0.0 MiB)
Timing analysis: ON
Circuit netlist file: dec1.net
Circuit placement file: dec1.place
Circuit routing file: dec1.route
Circuit SDC file: /home/rahul/qorc-sdk/qorc-testapps/qf_helloworldfpga/decoders/build/dec1_dummy.sdc

Packer: ENABLED
Placer: ENABLED
Router: DISABLED
Analysis: DISABLED

NetlistOpts.abosrb_buffer_luts            : true
NetlistOpts.sweep_dangling_primary_ios    : true
NetlistOpts.sweep_dangling_nets           : true
NetlistOpts.sweep_dangling_blocks         : true
NetlistOpts.sweep_constant_primary_outputs: false
NetlistOpts.netlist_verbosity             : 1
NetlistOpts.const_gen_inference           : COMB_SEQ

PackerOpts.allow_unrelated_clustering: auto
PackerOpts.alpha_clustering: 0.750000
PackerOpts.beta_clustering: 0.900000
PackerOpts.cluster_seed_type: BLEND2
PackerOpts.connection_driven: true
PackerOpts.global_clocks: true
PackerOpts.hill_climbing_flag: false
PackerOpts.inter_cluster_net_delay: 1.000000
PackerOpts.timing_driven: true
PackerOpts.target_external_pin_util: auto

PlacerOpts.place_freq: PLACE_ONCE
PlacerOpts.place_algorithm: CRITICALITY_TIMING_PLACE
PlacerOpts.pad_loc_type: FREE
PlacerOpts.constraints_file: Using constraints file 'dec1_constraints.place'
PlacerOpts.place_cost_exp: 1.000000
PlacerOpts.place_chan_width: 100
PlacerOpts.inner_loop_recompute_divider: 0
PlacerOpts.recompute_crit_iter: 1
PlacerOpts.timing_tradeoff: 0.500000
PlacerOpts.td_place_exp_first: 1.000000
PlacerOpts.td_place_exp_last: 8.000000
PlacerOpts.delay_offset: 0.000000
PlacerOpts.delay_ramp_delta_threshold: -1
PlacerOpts.delay_ramp_slope: 0.000000
PlacerOpts.tsu_rel_margin: 1.000000
PlacerOpts.tsu_abs_margin: 0.000000
PlacerOpts.post_place_timing_report_file: 
PlacerOpts.allowed_tiles_for_delay_model: 
PlacerOpts.delay_model_reducer: MIN
PlacerOpts.delay_model_type: DELTA_OVERRIDE
PlacerOpts.rlim_escape_fraction: 0.000000
PlacerOpts.move_stats_file: 
PlacerOpts.placement_saves_per_temperature: 0
PlacerOpts.effort_scaling: CIRCUIT
PlacerOpts.place_delta_delay_matrix_calculation_method: ASTAR_ROUTE
PlaceOpts.seed: 1
AnnealSched.type: AUTO_SCHED
AnnealSched.inner_num: 1.000000

RoutingArch.directionality: BI_DIRECTIONAL
RoutingArch.switch_block_type: WILTON
RoutingArch.Fs: 3

# Load Packing
Begin loading packed FPGA netlist file.
Netlist generated from file 'dec1.net'.
Detected 2 constant generators (to see names run with higher pack verbosity)
Finished loading packed FPGA netlist file (took 0.08184 seconds).
# Load Packing took 0.08 seconds (max_rss 43.7 MiB, delta_rss +1.4 MiB)
Warning 1: Netlist contains 0 global net to non-global architecture pin connections
Warning 2: Logic block #56 ($false) has only 1 output pin '$false.GND0_GND[0]'. It may be a constant generator.
Warning 3: Logic block #57 ($true) has only 1 output pin '$true.VCC0_VCC[0]'. It may be a constant generator.

Netlist num_nets: 93
Netlist num_blocks: 58
Netlist EMPTY blocks: 0.
Netlist PB-SYN_GND blocks: 1.
Netlist PB-BIDIR blocks: 7.
Netlist PB-ASSP blocks: 1.
Netlist PB-LOGIC blocks: 48.
Netlist PB-SDIOMUX blocks: 0.
Netlist PB-MULT blocks: 0.
Netlist PB-GMUX blocks: 0.
Netlist PB-CLOCK blocks: 0.
Netlist PB-RAM blocks: 0.
Netlist PB-SYN_VCC blocks: 1.
Netlist inputs pins: 0
Netlist output pins: 21


Pb types usage...
  PB-SYN_GND        : 1
   GND              : 1
  PB-BIDIR          : 7
   BIDIR            : 7
    OUTPUT          : 7
     bidir          : 7
     outpad         : 7
  PB-ASSP           : 1
   ASSP             : 1
  PB-LOGIC          : 48
   LOGIC            : 48
    FRAGS           : 48
     c_frag_modes   : 48
      SINGLE        : 17
       c_frag       : 17
      SPLIT         : 31
       b_frag       : 31
       t_frag       : 30
     q_frag_modes   : 42
      INT           : 30
       q_frag       : 30
      EXT           : 12
       q_frag       : 12
  PB-SYN_VCC        : 1
   VCC              : 1

# Create Device
## Build Device Grid
FPGA sized to 39 x 35: 1365 grid tiles (ql-eos-s3)

Resource usage...
	Netlist
		1	blocks of type: PB-SYN_GND
	Architecture
		1	blocks of type: TL-SYN_GND
	Netlist
		7	blocks of type: PB-BIDIR
	Architecture
		32	blocks of type: TL-BIDIR
	Netlist
		1	blocks of type: PB-ASSP
	Architecture
		1	blocks of type: TL-ASSP
	Netlist
		48	blocks of type: PB-LOGIC
	Architecture
		891	blocks of type: TL-LOGIC
	Netlist
		0	blocks of type: PB-SDIOMUX
	Architecture
		14	blocks of type: TL-SDIOMUX
	Netlist
		0	blocks of type: PB-MULT
	Architecture
		2	blocks of type: TL-MULT
	Netlist
		0	blocks of type: PB-GMUX
	Architecture
		5	blocks of type: TL-GMUX
	Netlist
		0	blocks of type: PB-CLOCK
	Architecture
		5	blocks of type: TL-CLOCK
	Netlist
		0	blocks of type: PB-RAM
	Architecture
		4	blocks of type: TL-RAM
	Netlist
		1	blocks of type: PB-SYN_VCC
	Architecture
		1	blocks of type: TL-SYN_VCC

Device Utilization: 0.04 (target 1.00)
	Physical Tile TL-LOGIC:
	Block Utilization: 0.05 Logical Block: PB-LOGIC
	Physical Tile TL-RAM:
	Block Utilization: 0.00 Logical Block: PB-RAM
	Physical Tile TL-MULT:
	Block Utilization: 0.00 Logical Block: PB-MULT
	Physical Tile TL-BIDIR:
	Block Utilization: 0.22 Logical Block: PB-BIDIR
	Physical Tile TL-CLOCK:
	Block Utilization: 0.00 Logical Block: PB-CLOCK
	Physical Tile TL-SDIOMUX:
	Block Utilization: 0.00 Logical Block: PB-SDIOMUX
	Physical Tile TL-GMUX:
	Block Utilization: 0.00 Logical Block: PB-GMUX
	Physical Tile TL-ASSP:
	Block Utilization: 1.00 Logical Block: PB-ASSP
	Physical Tile TL-SYN_VCC:
	Block Utilization: 1.00 Logical Block: PB-SYN_VCC
	Physical Tile TL-SYN_GND:
	Block Utilization: 1.00 Logical Block: PB-SYN_GND

## Build Device Grid took 0.02 seconds (max_rss 43.8 MiB, delta_rss +0.0 MiB)
## Loading routing resource graph


## Loading routing resource graph took 1.45 seconds (max_rss 351.6 MiB, delta_rss +307.8 MiB)
  RR Graph Nodes: 1396446
  RR Graph Edges: 2337988
# Create Device took 2.75 seconds (max_rss 351.6 MiB, delta_rss +307.8 MiB)

# Computing router lookahead map
## Computing wire lookahead
Warning 4: Unable to find any sample location for segment CHANX type 'generic' (length 1)
Warning 5: Unable to find any sample location for segment CHANY type 'generic' (length 1)
Warning 6: Unable to find any sample location for segment CHANX type 'pad' (length 1)
Warning 7: Unable to find any sample location for segment CHANY type 'pad' (length 1)
## Computing wire lookahead took 38.70 seconds (max_rss 351.6 MiB, delta_rss +0.0 MiB)
## Computing src/opin lookahead
## Computing src/opin lookahead took 0.00 seconds (max_rss 351.6 MiB, delta_rss +0.0 MiB)
# Computing router lookahead map took 38.70 seconds (max_rss 351.6 MiB, delta_rss +0.0 MiB)
# Placement
## Computing placement delta delay look-up
  RR Graph Nodes: 1396446
  RR Graph Edges: 2337988
## Computing placement delta delay look-up took 1.36 seconds (max_rss 351.6 MiB, delta_rss +0.0 MiB)
Warning 8: CHANX place cost fac is 0 at 2 2
Warning 9: CHANX place cost fac is 0 at 34 34
Warning 10: CHANY place cost fac is 0 at 38 38
## Initial Placement
Reading dec1_constraints.place.

Successfully read dec1_constraints.place.

## Initial Placement took 0.00 seconds (max_rss 351.6 MiB, delta_rss +0.0 MiB)

There are 1064 point to point connections in this circuit.


BB estimate of min-dist (placement) wire length: 4422

Completed placement consistency check successfully.
Initial placement cost: 1 bb_cost: 6.58926 td_cost: 1.65707e-06
Initial placement estimated Critical Path Delay (CPD): 85.5936 ns
Initial placement estimated setup Total Negative Slack (sTNS): -3109.65 ns
Initial placement estimated setup Worst Negative Slack (sWNS): -85.5936 ns

Initial placement estimated setup slack histogram:
[ -8.6e-08: -7.9e-08)  9 ( 18.4%) |*******************************
[ -7.9e-08: -7.3e-08)  9 ( 18.4%) |*******************************
[ -7.3e-08: -6.7e-08) 14 ( 28.6%) |************************************************
[ -6.7e-08:   -6e-08)  5 ( 10.2%) |*****************
[   -6e-08: -5.4e-08)  1 (  2.0%) |***
[ -5.4e-08: -4.8e-08)  0 (  0.0%) |
[ -4.8e-08: -4.2e-08)  0 (  0.0%) |
[ -4.2e-08: -3.5e-08)  0 (  0.0%) |
[ -3.5e-08: -2.9e-08)  6 ( 12.2%) |*********************
[ -2.9e-08: -2.3e-08)  5 ( 10.2%) |*****************
Placement contains 0 placement macros involving 0 blocks (average macro size -nan)

Moves per temperature: 224
Warning 11: Starting t: 57 of 58 configurations accepted.

---- ------ ------- ------- ---------- ---------- ------- ---------- -------- ------- ------- ------ -------- --------- ------
Tnum   Time       T Av Cost Av BB Cost Av TD Cost     CPD       sTNS     sWNS Ac Rate Std Dev  R lim Crit Exp Tot Moves  Alpha
      (sec)                                          (ns)       (ns)     (ns)                                                 
---- ------ ------- ------- ---------- ---------- ------- ---------- -------- ------- ------- ------ -------- --------- ------
   1    0.0 3.6e-01   0.968       6.57 1.5997e-06  92.832  -3.23e+03  -92.832   0.942  0.0203   38.0     1.00       224  0.200
   2    0.0 3.2e-01   0.993       6.54 1.5771e-06  99.484   -3.8e+03  -99.484   0.924  0.0280   38.0     1.00       448  0.900
   3    0.0 2.9e-01   1.056       6.57 1.5823e-06  94.225  -3.33e+03  -94.225   0.946  0.0268   38.0     1.00       672  0.900
   4    0.0 2.6e-01   1.003       6.58 1.6005e-06  97.699  -3.43e+03  -97.699   0.897  0.0315   38.0     1.00       896  0.900
   5    0.0 2.4e-01   0.988       6.46 1.5502e-06  96.530  -3.33e+03  -96.530   0.920  0.0382   38.0     1.00      1120  0.900
   6    0.0 2.1e-01   1.003       6.62 1.6762e-06  92.373  -3.48e+03  -92.373   0.924  0.0175   38.0     1.00      1344  0.900
   7    0.0 1.9e-01   0.968       6.46 1.5403e-06  97.486  -3.42e+03  -97.486   0.902  0.0294   38.0     1.00      1568  0.900
   8    0.0 1.7e-01   1.006       6.39 1.5014e-06 104.487   -3.5e+03 -104.487   0.933  0.0406   38.0     1.00      1792  0.900
   9    0.0 1.5e-01   1.018       6.52 1.5928e-06  88.960  -3.33e+03  -88.960   0.933  0.0279   38.0     1.00      2016  0.900
  10    0.0 1.4e-01   0.995       6.44 1.58e-06    91.907  -3.14e+03  -91.907   0.929  0.0261   38.0     1.00      2240  0.900
  11    0.0 1.3e-01   0.951       6.63 1.5562e-06 104.662  -3.62e+03 -104.662   0.938  0.0258   38.0     1.00      2464  0.900
  12    0.0 1.1e-01   0.955       6.48 1.6101e-06  98.382  -3.21e+03  -98.382   0.897  0.0444   38.0     1.00      2688  0.900
  13    0.0 1.0e-01   1.071       6.55 1.5669e-06  98.834  -3.38e+03  -98.834   0.920  0.0341   38.0     1.00      2912  0.900
  14    0.0 9.1e-02   1.022       6.66 1.5687e-06 103.395   -3.5e+03 -103.395   0.902  0.0254   38.0     1.00      3136  0.900
  15    0.0 8.2e-02   0.990       6.62 1.545e-06  108.876  -3.82e+03 -108.876   0.879  0.0243   38.0     1.00      3360  0.900
  16    0.0 7.4e-02   1.000       6.70 1.6173e-06  96.685  -3.37e+03  -96.685   0.884  0.0262   38.0     1.00      3584  0.900
  17    0.0 6.6e-02   0.937       6.53 1.6086e-06  95.634  -3.42e+03  -95.634   0.924  0.0330   38.0     1.00      3808  0.900
  18    0.0 6.0e-02   0.985       6.44 1.5759e-06  98.932  -3.43e+03  -98.932   0.879  0.0167   38.0     1.00      4032  0.900
  19    0.0 5.4e-02   0.986       6.34 1.5495e-06  93.615  -3.36e+03  -93.615   0.897  0.0302   38.0     1.00      4256  0.900
  20    0.0 4.8e-02   1.071       6.42 1.539e-06   89.701  -3.27e+03  -89.701   0.866  0.0246   38.0     1.00      4480  0.900
  21    0.0 4.4e-02   1.015       6.48 1.5736e-06  98.939  -3.55e+03  -98.939   0.915  0.0253   38.0     1.00      4704  0.900
  22    0.0 3.9e-02   0.982       6.38 1.4779e-06  97.780  -3.42e+03  -97.780   0.862  0.0291   38.0     1.00      4928  0.900
  23    0.0 3.5e-02   1.055       6.33 1.5498e-06  92.394  -3.29e+03  -92.394   0.866  0.0520   38.0     1.00      5152  0.900
  24    0.0 3.2e-02   1.024       6.36 1.5366e-06  91.169  -3.31e+03  -91.169   0.853  0.0286   38.0     1.00      5376  0.900
  25    0.0 2.9e-02   0.989       6.20 1.5241e-06  84.314  -2.96e+03  -84.314   0.804  0.0299   38.0     1.00      5600  0.900
  26    0.0 2.6e-02   1.063       6.18 1.4965e-06  88.630  -3.17e+03  -88.630   0.799  0.0360   38.0     1.00      5824  0.900
  27    0.0 2.4e-02   0.984       6.49 1.5212e-06 102.466  -3.56e+03 -102.466   0.790  0.0218   38.0     1.00      6048  0.950
  28    0.0 2.3e-02   0.946       6.20 1.5266e-06  89.810  -3.17e+03  -89.810   0.808  0.0388   38.0     1.00      6272  0.950
  29    0.0 2.1e-02   0.980       6.03 1.465e-06   86.362  -3.05e+03  -86.362   0.723  0.0357   38.0     1.00      6496  0.900
  30    0.0 2.0e-02   1.059       6.13 1.5159e-06  87.731  -3.08e+03  -87.731   0.817  0.0463   38.0     1.00      6720  0.950
  31    0.0 1.8e-02   0.959       6.17 1.4773e-06  96.967  -3.36e+03  -96.967   0.781  0.0274   38.0     1.00      6944  0.900
  32    0.0 1.7e-02   1.000       6.10 1.453e-06   90.245  -3.26e+03  -90.245   0.732  0.0204   38.0     1.00      7168  0.950
  33    0.0 1.6e-02   0.978       5.85 1.4075e-06  90.326   -3.2e+03  -90.326   0.750  0.0266   38.0     1.00      7392  0.950
  34    0.0 1.5e-02   1.023       6.20 1.4567e-06  95.462  -3.46e+03  -95.462   0.754  0.0339   38.0     1.00      7616  0.950
  35    0.0 1.5e-02   0.962       6.05 1.4562e-06  95.069  -3.46e+03  -95.069   0.728  0.0258   38.0     1.00      7840  0.950
  36    0.0 1.4e-02   1.029       6.17 1.5221e-06  88.794  -3.19e+03  -88.794   0.750  0.0194   38.0     1.00      8064  0.950
  37    0.0 1.3e-02   0.941       5.84 1.4076e-06  94.015  -3.45e+03  -94.015   0.683  0.0497   38.0     1.00      8288  0.950
  38    0.0 1.2e-02   1.049       6.25 1.4992e-06  95.002  -3.45e+03  -95.002   0.759  0.0359   38.0     1.00      8512  0.950
  39    0.0 1.2e-02   0.953       6.01 1.4872e-06  99.534  -3.37e+03  -99.534   0.674  0.0212   38.0     1.00      8736  0.950
  40    0.0 1.1e-02   0.926       5.83 1.3823e-06  97.045  -3.35e+03  -97.045   0.674  0.0396   38.0     1.00      8960  0.950
  41    0.0 1.1e-02   1.000       5.81 1.4168e-06  90.109  -3.35e+03  -90.109   0.643  0.0232   38.0     1.00      9184  0.950
  42    0.0 1.0e-02   1.033       5.82 1.4088e-06  88.287  -3.16e+03  -88.287   0.558  0.0215   38.0     1.00      9408  0.950
  43    0.0 9.7e-03   0.980       5.65 1.3977e-06  80.028  -2.99e+03  -80.028   0.598  0.0267   38.0     1.00      9632  0.950
  44    0.0 9.2e-03   0.996       5.67 1.3931e-06  88.566  -3.17e+03  -88.566   0.589  0.0253   38.0     1.00      9856  0.950
  45    0.0 8.7e-03   0.964       5.31 1.2313e-06 101.677  -3.51e+03 -101.677   0.478  0.0181   38.0     1.00     10080  0.950
  46    0.0 8.3e-03   0.991       5.52 1.2856e-06  93.783  -3.53e+03  -93.783   0.509  0.0261   38.0     1.00     10304  0.950
  47    0.0 7.9e-03   0.966       5.42 1.3538e-06  82.231     -3e+03  -82.231   0.598  0.0154   38.0     1.00     10528  0.950
  48    0.0 7.5e-03   0.964       5.40 1.3333e-06  80.418  -2.78e+03  -80.418   0.478  0.0329   38.0     1.00     10752  0.950
  49    0.0 7.1e-03   1.012       5.44 1.2219e-06  97.047  -3.39e+03  -97.047   0.464  0.0218   38.0     1.00     10976  0.950
  50    0.0 6.7e-03   0.992       5.07 1.3167e-06  76.484  -2.65e+03  -76.484   0.366  0.0227   38.0     1.00     11200  0.950
  51    0.0 6.4e-03   0.973       5.05 1.1306e-06  78.116  -2.72e+03  -78.116   0.429  0.0194   35.2     1.53     11424  0.950
  52    0.0 6.1e-03   0.971       4.84 1.0844e-06  73.174  -2.64e+03  -73.174   0.406  0.0127   34.8     1.61     11648  0.950
  53    0.0 5.8e-03   0.974       4.77 9.7317e-07  73.372  -2.82e+03  -73.372   0.375  0.0112   33.6     1.83     11872  0.950
  54    0.0 5.5e-03   1.008       4.73 9.1262e-07  72.698  -2.72e+03  -72.698   0.335  0.0107   31.4     2.24     12096  0.950
  55    0.0 5.2e-03   1.021       4.71 8.8047e-07  67.537   -2.5e+03  -67.537   0.304  0.0135   28.1     2.87     12320  0.950
  56    0.0 5.0e-03   0.999       4.71 7.5939e-07  74.078  -2.64e+03  -74.078   0.312  0.0149   24.3     3.59     12544  0.950
  57    0.0 4.7e-03   0.951       4.44 6.4918e-07  71.760  -2.59e+03  -71.760   0.268  0.0212   21.2     4.18     12768  0.950
  58    0.0 4.5e-03   0.973       4.15 5.6424e-07  68.655  -2.48e+03  -68.655   0.232  0.0115   17.5     4.87     12992  0.950
  59    0.0 4.3e-03   0.972       4.13 4.9683e-07  63.729  -2.24e+03  -63.729   0.263  0.0170   13.9     5.56     13216  0.950
  60    0.0 4.0e-03   1.013       4.19 5.3893e-07  61.038  -2.34e+03  -61.038   0.277  0.0155   11.4     6.02     13440  0.950
  61    0.0 3.8e-03   0.958       4.02 4.7845e-07  65.835   -2.5e+03  -65.835   0.384  0.0205    9.6     6.38     13664  0.950
  62    0.0 3.6e-03   0.999       3.87 4.4288e-07  66.207  -2.49e+03  -66.207   0.295  0.0102    9.0     6.48     13888  0.950
  63    0.0 3.5e-03   0.973       3.88 4.8116e-07  59.234  -2.29e+03  -59.234   0.326  0.0135    7.7     6.73     14112  0.950
  64    0.0 3.3e-03   1.000       3.89 4.7266e-07  56.179  -2.21e+03  -56.179   0.384  0.0083    6.8     6.89     14336  0.950
  65    0.0 3.1e-03   0.954       3.76 3.983e-07   57.051  -2.12e+03  -57.051   0.379  0.0235    6.5     6.97     14560  0.950
  66    0.0 3.0e-03   1.013       3.63 4.2887e-07  57.785  -2.22e+03  -57.785   0.375  0.0149    6.1     7.04     14784  0.950
  67    0.0 2.8e-03   0.984       3.62 4.339e-07   55.557   -2.2e+03  -55.557   0.348  0.0134    5.7     7.12     15008  0.950
  68    0.0 2.7e-03   0.972       3.47 3.783e-07   59.040  -2.28e+03  -59.040   0.330  0.0135    5.2     7.21     15232  0.950
  69    0.0 2.5e-03   0.976       3.28 4.1389e-07  55.402  -2.15e+03  -55.402   0.446  0.0119    4.6     7.32     15456  0.950
  70    0.0 2.4e-03   0.992       3.20 3.7352e-07  58.734  -2.23e+03  -58.734   0.321  0.0084    4.6     7.32     15680  0.950
  71    0.0 2.3e-03   0.993       3.21 4.3159e-07  54.157  -2.13e+03  -54.157   0.330  0.0064    4.1     7.42     15904  0.950
  72    0.0 2.2e-03   0.984       3.15 3.8003e-07  59.562  -2.31e+03  -59.562   0.438  0.0136    3.6     7.50     16128  0.950
  73    0.0 2.1e-03   0.982       3.06 3.666e-07   57.490  -2.25e+03  -57.490   0.317  0.0072    3.6     7.51     16352  0.950
  74    0.0 2.0e-03   0.995       3.04 3.6736e-07  53.860  -2.09e+03  -53.860   0.353  0.0075    3.2     7.59     16576  0.950
  75    0.0 1.9e-03   1.001       3.00 3.8759e-07  50.740  -2.01e+03  -50.740   0.379  0.0039    2.9     7.64     16800  0.950
  76    0.0 1.8e-03   0.977       2.93 3.6147e-07  54.891  -2.11e+03  -54.891   0.353  0.0093    2.7     7.67     17024  0.950
  77    0.0 1.7e-03   0.990       2.88 3.7857e-07  52.783   -2.1e+03  -52.783   0.281  0.0054    2.5     7.72     17248  0.950
  78    0.0 1.6e-03   0.976       2.89 3.6684e-07  51.757  -2.08e+03  -51.757   0.308  0.0083    2.1     7.79     17472  0.950
  79    0.0 1.5e-03   0.999       2.90 3.8519e-07  47.390  -1.91e+03  -47.390   0.402  0.0039    1.8     7.85     17696  0.950
  80    0.0 1.4e-03   0.993       2.88 3.5585e-07  50.131     -2e+03  -50.131   0.460  0.0037    1.7     7.86     17920  0.950
  81    0.0 1.4e-03   0.996       2.82 3.6336e-07  49.840  -1.98e+03  -49.840   0.433  0.0033    1.8     7.85     18144  0.950
  82    0.0 1.3e-03   0.992       2.83 3.8838e-07  48.708  -1.96e+03  -48.708   0.406  0.0069    1.8     7.86     18368  0.950
  83    0.0 1.2e-03   0.996       2.80 3.8486e-07  46.377  -1.85e+03  -46.377   0.362  0.0075    1.7     7.87     18592  0.950
  84    0.0 1.2e-03   0.993       2.74 3.7306e-07  46.845  -1.87e+03  -46.845   0.357  0.0052    1.6     7.89     18816  0.950
  85    0.0 1.1e-03   0.992       2.67 3.6885e-07  47.387  -1.88e+03  -47.387   0.281  0.0038    1.4     7.92     19040  0.950
  86    0.0 1.1e-03   0.999       2.69 3.6249e-07  47.470  -1.87e+03  -47.470   0.348  0.0044    1.2     7.96     19264  0.950
  87    0.0 1.0e-03   0.983       2.63 3.7007e-07  46.889  -1.86e+03  -46.889   0.205  0.0078    1.1     7.98     19488  0.950
  88    0.0 9.6e-04   1.002       2.63 3.0501e-07  49.548  -1.89e+03  -49.548   0.228  0.0028    1.0     8.00     19712  0.950
  89    0.0 9.1e-04   0.998       2.64 3.4369e-07  47.478  -1.87e+03  -47.478   0.246  0.0016    1.0     8.00     19936  0.950
  90    0.0 8.7e-04   0.997       2.66 3.3165e-07  48.383  -1.89e+03  -48.383   0.232  0.0033    1.0     8.00     20160  0.950
  91    0.0 8.2e-04   0.989       2.64 3.2549e-07  48.844  -1.91e+03  -48.844   0.219  0.0058    1.0     8.00     20384  0.950
  92    0.0 7.8e-04   0.997       2.61 3.1907e-07  47.481  -1.81e+03  -47.481   0.179  0.0024    1.0     8.00     20608  0.950
  93    0.0 7.4e-04   0.997       2.61 3.2063e-07  47.672  -1.83e+03  -47.672   0.210  0.0026    1.0     8.00     20832  0.950
  94    0.0 7.1e-04   1.000       2.62 3.1228e-07  47.832  -1.84e+03  -47.832   0.210  0.0023    1.0     8.00     21056  0.950
  95    0.0 6.7e-04   0.993       2.61 3.1155e-07  48.411  -1.86e+03  -48.411   0.165  0.0062    1.0     8.00     21280  0.950
  96    0.0 6.4e-04   0.993       2.58 3.0348e-07  46.418  -1.78e+03  -46.418   0.179  0.0035    1.0     8.00     21504  0.950
  97    0.0 6.1e-04   1.003       2.59 3.2612e-07  46.149  -1.82e+03  -46.149   0.134  0.0025    1.0     8.00     21728  0.950
  98    0.0 4.8e-04   0.994       2.58 3.3193e-07  45.614   -1.8e+03  -45.614   0.116  0.0036    1.0     8.00     21952  0.800
  99    0.0 3.9e-04   0.994       2.55 3.2395e-07  45.230  -1.77e+03  -45.230   0.103  0.0018    1.0     8.00     22176  0.800
 100    0.0 3.1e-04   0.998       2.54 3.1866e-07  45.875   -1.8e+03  -45.875   0.071  0.0014    1.0     8.00     22400  0.800
 101    0.0 2.5e-04   0.996       2.54 3.2222e-07  44.756  -1.75e+03  -44.756   0.080  0.0026    1.0     8.00     22624  0.800
 102    0.0 2.0e-04   0.995       2.52 3.2006e-07  44.617  -1.74e+03  -44.617   0.049  0.0017    1.0     8.00     22848  0.800
 103    0.0 1.6e-04   1.000       2.51 3.1968e-07  44.617  -1.74e+03  -44.617   0.045  0.0002    1.0     8.00     23072  0.800
 104    0.0 1.3e-04   0.998       2.50 3.2065e-07  44.617  -1.74e+03  -44.617   0.045  0.0012    1.0     8.00     23296  0.800
 105    0.0 1.0e-04   0.999       2.50 3.1228e-07  45.885  -1.79e+03  -45.885   0.036  0.0004    1.0     8.00     23520  0.800
 106    0.0 8.1e-05   0.999       2.50 3.1245e-07  45.885  -1.79e+03  -45.885   0.045  0.0004    1.0     8.00     23744  0.800
 107    0.0 6.5e-05   0.999       2.50 3.1239e-07  45.885  -1.79e+03  -45.885   0.018  0.0004    1.0     8.00     23968  0.800
 108    0.0 0.0e+00   0.999       2.50 3.1316e-07  45.885  -1.79e+03  -45.885   0.018  0.0003    1.0     8.00     24192  0.800
## Placement Quench took 0.00 seconds (max_rss 351.6 MiB)

BB estimate of min-dist (placement) wire length: 1577

Completed placement consistency check successfully.

Swaps called: 24250

Aborted Move Reasons:
  No moves aborted

Placement estimated critical path delay (least slack): 45.8854 ns, Fmax: 21.7934 MHz
Placement estimated setup Worst Negative Slack (sWNS): -45.8854 ns
Placement estimated setup Total Negative Slack (sTNS): -1789.72 ns

Placement estimated setup slack histogram:
[ -4.6e-08: -4.2e-08) 10 ( 20.4%) |***********************
[ -4.2e-08: -3.8e-08) 21 ( 42.9%) |************************************************
[ -3.8e-08: -3.5e-08)  7 ( 14.3%) |****************
[ -3.5e-08: -3.1e-08)  0 (  0.0%) |
[ -3.1e-08: -2.7e-08)  7 ( 14.3%) |****************
[ -2.7e-08: -2.3e-08)  0 (  0.0%) |
[ -2.3e-08:   -2e-08)  0 (  0.0%) |
[   -2e-08: -1.6e-08)  0 (  0.0%) |
[ -1.6e-08: -1.2e-08)  1 (  2.0%) |**
[ -1.2e-08: -8.3e-09)  3 (  6.1%) |*******

Placement estimated geomean non-virtual intra-domain period: 45.8854 ns (21.7934 MHz)
Placement estimated fanout-weighted geomean non-virtual intra-domain period: 45.8854 ns (21.7934 MHz)

Placement cost: 0.998699, bb_cost: 2.49948, td_cost: 3.12961e-07, 

Placement resource usage:
  PB-SYN_GND implemented as TL-SYN_GND: 1
  PB-BIDIR   implemented as TL-BIDIR  : 7
  PB-ASSP    implemented as TL-ASSP   : 1
  PB-LOGIC   implemented as TL-LOGIC  : 48
  PB-SYN_VCC implemented as TL-SYN_VCC: 1

Placement number of temperatures: 108
Placement total # of swap attempts: 24250
	Swaps accepted: 12258 (50.5 %)
	Swaps rejected: 10551 (43.5 %)
	Swaps aborted :  1441 ( 5.9 %)
Placement Quench timing analysis took 0.000670947 seconds (0.000536403 STA, 0.000134544 slack) (1 full updates: 1 setup, 0 hold, 0 combined).
Placement Total  timing analysis took 0.0794688 seconds (0.0619269 STA, 0.0175419 slack) (110 full updates: 110 setup, 0 hold, 0 combined).
update_td_costs: connections 0 nets 0 sum_nets 0 total 0
Incr Slack updates 110 in 0.0060502 sec
Full Max Req/Worst Slack updates 89 in 0.000831485 sec
Incr Max Req/Worst Slack updates 21 in 0.000213401 sec
Incr Criticality updates 6 in 0.000373282 sec
Full Criticality updates 104 in 0.00851517 sec
# Placement took 1.63 seconds (max_rss 351.6 MiB, delta_rss +0.0 MiB)

Flow timing analysis took 0.0794688 seconds (0.0619269 STA, 0.0175419 slack) (110 full updates: 110 setup, 0 hold, 0 combined).
VPR succeeded
The entire flow of VPR took 44.57 seconds (max_rss 351.6 MiB)
